The system is: Linux - 3.10.0-1062.el7.x86_64 - x86_64
Compiling the C compiler identification source file "CMakeCCompilerId.c" succeeded.
Compiler: /lustre/opt/cascadelake/linux-centos7-x86_64/gcc-4.8.5/gcc-8.3.0-aoqn7jsisvrj2u5puapmiufudxmm6wt4/bin/gcc 
Build flags: 
Id flags:  

The output was:
0


Compilation of the C compiler identification source "CMakeCCompilerId.c" produced "a.out"

The C compiler identification is GNU, found in "/lustre/home/acct-umjplw/umjplw/gcl/CFD/ProjectIV/cmake-build-debug/CMakeFiles/3.15.7/CompilerIdC/a.out"

Compiling the CXX compiler identification source file "CMakeCXXCompilerId.cpp" succeeded.
Compiler: /lustre/opt/cascadelake/linux-centos7-x86_64/gcc-4.8.5/gcc-8.3.0-aoqn7jsisvrj2u5puapmiufudxmm6wt4/bin/g++ 
Build flags: 
Id flags:  

The output was:
0


Compilation of the CXX compiler identification source "CMakeCXXCompilerId.cpp" produced "a.out"

The CXX compiler identification is GNU, found in "/lustre/home/acct-umjplw/umjplw/gcl/CFD/ProjectIV/cmake-build-debug/CMakeFiles/3.15.7/CompilerIdCXX/a.out"

Determining if the C compiler works passed with the following output:
Change Dir: /lustre/home/acct-umjplw/umjplw/gcl/CFD/ProjectIV/cmake-build-debug/CMakeFiles/CMakeTmp

Run Build Command(s):/usr/bin/gmake cmTC_f2358/fast && /usr/bin/gmake -f CMakeFiles/cmTC_f2358.dir/build.make CMakeFiles/cmTC_f2358.dir/build
gmake[1]: Entering directory `/lustre/home/acct-umjplw/umjplw/gcl/CFD/ProjectIV/cmake-build-debug/CMakeFiles/CMakeTmp'
Building C object CMakeFiles/cmTC_f2358.dir/testCCompiler.c.o
/lustre/opt/cascadelake/linux-centos7-x86_64/gcc-4.8.5/gcc-8.3.0-aoqn7jsisvrj2u5puapmiufudxmm6wt4/bin/gcc    -o CMakeFiles/cmTC_f2358.dir/testCCompiler.c.o   -c /lustre/home/acct-umjplw/umjplw/gcl/CFD/ProjectIV/cmake-build-debug/CMakeFiles/CMakeTmp/testCCompiler.c
Linking C executable cmTC_f2358
/lustre/home/acct-umjplw/umjplw/gcl/karfs_folder/Remote/local/cmake_3.15/bin/cmake -E cmake_link_script CMakeFiles/cmTC_f2358.dir/link.txt --verbose=1
/lustre/opt/cascadelake/linux-centos7-x86_64/gcc-4.8.5/gcc-8.3.0-aoqn7jsisvrj2u5puapmiufudxmm6wt4/bin/gcc      CMakeFiles/cmTC_f2358.dir/testCCompiler.c.o  -o cmTC_f2358 
gmake[1]: Leaving directory `/lustre/home/acct-umjplw/umjplw/gcl/CFD/ProjectIV/cmake-build-debug/CMakeFiles/CMakeTmp'



Detecting C compiler ABI info compiled with the following output:
Change Dir: /lustre/home/acct-umjplw/umjplw/gcl/CFD/ProjectIV/cmake-build-debug/CMakeFiles/CMakeTmp

Run Build Command(s):/usr/bin/gmake cmTC_70cbf/fast && /usr/bin/gmake -f CMakeFiles/cmTC_70cbf.dir/build.make CMakeFiles/cmTC_70cbf.dir/build
gmake[1]: Entering directory `/lustre/home/acct-umjplw/umjplw/gcl/CFD/ProjectIV/cmake-build-debug/CMakeFiles/CMakeTmp'
Building C object CMakeFiles/cmTC_70cbf.dir/CMakeCCompilerABI.c.o
/lustre/opt/cascadelake/linux-centos7-x86_64/gcc-4.8.5/gcc-8.3.0-aoqn7jsisvrj2u5puapmiufudxmm6wt4/bin/gcc   -v -o CMakeFiles/cmTC_70cbf.dir/CMakeCCompilerABI.c.o   -c /lustre/home/acct-umjplw/umjplw/gcl/karfs_folder/Remote/local/cmake_3.15/share/cmake-3.15/Modules/CMakeCCompilerABI.c
Reading specs from /lustre/opt/cascadelake/linux-centos7-x86_64/gcc-4.8.5/gcc-8.3.0-aoqn7jsisvrj2u5puapmiufudxmm6wt4/lib/gcc/x86_64-pc-linux-gnu/8.3.0/specs
COLLECT_GCC=/lustre/opt/cascadelake/linux-centos7-x86_64/gcc-4.8.5/gcc-8.3.0-aoqn7jsisvrj2u5puapmiufudxmm6wt4/bin/gcc
Target: x86_64-pc-linux-gnu
Configured with: /tmp/rpm/spack-stage-gcc-8.3.0-aoqn7jsisvrj2u5puapmiufudxmm6wt4/spack-src/configure --prefix=/lustre/opt/cascadelake/linux-centos7-x86_64/gcc-4.8.5/gcc-8.3.0-aoqn7jsisvrj2u5puapmiufudxmm6wt4 --with-pkgversion='Spack GCC' --with-bugurl=https://github.com/spack/spack/issues --disable-multilib --enable-languages=c,c++,fortran --disable-nls --with-libiconv-prefix=/lustre/opt/cascadelake/linux-centos7-x86_64/gcc-4.8.5/libiconv-1.16-66scwnborhboy6vd554qx3p6ihe4c7y3 --with-mpfr=/lustre/opt/cascadelake/linux-centos7-x86_64/gcc-4.8.5/mpfr-3.1.6-kflyoj7nrj2mht5pf4z7mtkdp4hcbs5v --with-gmp=/lustre/opt/cascadelake/linux-centos7-x86_64/gcc-4.8.5/gmp-6.1.2-6bsovvkqwx6zscwtbvjj6egrgizbyycm --with-system-zlib --with-mpc=/lustre/opt/cascadelake/linux-centos7-x86_64/gcc-4.8.5/mpc-1.1.0-v5rqsbkr3zbia475v33ndowqhecvcvzn --with-isl=/lustre/opt/cascadelake/linux-centos7-x86_64/gcc-4.8.5/isl-0.18-l4somr6goh77xpmdb4tey7uwovhds526
Thread model: posix
gcc version 8.3.0 (Spack GCC) 
COLLECT_GCC_OPTIONS='-v' '-o' 'CMakeFiles/cmTC_70cbf.dir/CMakeCCompilerABI.c.o' '-c' '-mtune=generic' '-march=x86-64'
 /lustre/opt/cascadelake/linux-centos7-x86_64/gcc-4.8.5/gcc-8.3.0-aoqn7jsisvrj2u5puapmiufudxmm6wt4/libexec/gcc/x86_64-pc-linux-gnu/8.3.0/cc1 -quiet -v /lustre/home/acct-umjplw/umjplw/gcl/karfs_folder/Remote/local/cmake_3.15/share/cmake-3.15/Modules/CMakeCCompilerABI.c -quiet -dumpbase CMakeCCompilerABI.c -mtune=generic -march=x86-64 -auxbase-strip CMakeFiles/cmTC_70cbf.dir/CMakeCCompilerABI.c.o -version -o /tmp/ccYZfQ4X.s
GNU C17 (Spack GCC) version 8.3.0 (x86_64-pc-linux-gnu)
	compiled by GNU C version 8.3.0, GMP version 6.1.2, MPFR version 3.1.6-p2, MPC version 1.1.0, isl version isl-0.18-GMP

GGC heuristics: --param ggc-min-expand=100 --param ggc-min-heapsize=131072
ignoring nonexistent directory "/lustre/opt/cascadelake/linux-centos7-x86_64/gcc-4.8.5/gcc-8.3.0-aoqn7jsisvrj2u5puapmiufudxmm6wt4/lib/gcc/x86_64-pc-linux-gnu/8.3.0/../../../../x86_64-pc-linux-gnu/include"
ignoring duplicate directory "/lustre/opt/cascadelake/linux-centos7-x86_64/gcc-4.8.5/gcc-8.3.0-aoqn7jsisvrj2u5puapmiufudxmm6wt4/include"
  as it is a non-system directory that duplicates a system directory
#include "..." search starts here:
#include <...> search starts here:
 /lustre/opt/cascadelake/linux-centos7-skylake_avx512/gcc-8.3.0/boost-1.65.1-zmfewtzxajidxapt44cntbikhva2enep/include
 /lustre/opt/cascadelake/linux-centos7-skylake_avx512/gcc-8.3.0/openblas-0.3.7-paog42mpv4e5re4aypej77asddpq2ra7/include
 /lustre/opt/cascadelake/linux-centos7-skylake_avx512/gcc-8.3.0/sundials-4.1.0-3csmzwmppfpua4qurwgqgtxina4rbgkj/include
 /lustre/opt/cascadelake/linux-centos7-skylake_avx512/gcc-8.3.0/openmpi-3.1.5-mtdcmsa7pgj25pm5hdkzri4bdldcde4r/include
 /lustre/opt/cascadelake/linux-centos7-skylake_avx512/gcc-8.3.0/hdf5-1.10.6-sqxgmiyubg6xqo3sb2llsikcilfk2r5n/include
 /lustre/opt/cascadelake/linux-centos7-x86_64/gcc-4.8.5/gcc-8.3.0-aoqn7jsisvrj2u5puapmiufudxmm6wt4/lib/gcc/x86_64-pc-linux-gnu/8.3.0/include
 /usr/local/include
 /lustre/opt/cascadelake/linux-centos7-x86_64/gcc-4.8.5/gcc-8.3.0-aoqn7jsisvrj2u5puapmiufudxmm6wt4/include
 /lustre/opt/cascadelake/linux-centos7-x86_64/gcc-4.8.5/gcc-8.3.0-aoqn7jsisvrj2u5puapmiufudxmm6wt4/lib/gcc/x86_64-pc-linux-gnu/8.3.0/include-fixed
 /usr/include
End of search list.
GNU C17 (Spack GCC) version 8.3.0 (x86_64-pc-linux-gnu)
	compiled by GNU C version 8.3.0, GMP version 6.1.2, MPFR version 3.1.6-p2, MPC version 1.1.0, isl version isl-0.18-GMP

GGC heuristics: --param ggc-min-expand=100 --param ggc-min-heapsize=131072
Compiler executable checksum: 3e29a4fa8e0aa3b550a0669b37f7261e
COLLECT_GCC_OPTIONS='-v' '-o' 'CMakeFiles/cmTC_70cbf.dir/CMakeCCompilerABI.c.o' '-c' '-mtune=generic' '-march=x86-64'
 as -v --64 -o CMakeFiles/cmTC_70cbf.dir/CMakeCCompilerABI.c.o /tmp/ccYZfQ4X.s
GNU assembler version 2.27 (x86_64-redhat-linux) using BFD version version 2.27-41.base.el7
COMPILER_PATH=/lustre/opt/cascadelake/linux-centos7-x86_64/gcc-4.8.5/gcc-8.3.0-aoqn7jsisvrj2u5puapmiufudxmm6wt4/libexec/gcc/x86_64-pc-linux-gnu/8.3.0/:/lustre/opt/cascadelake/linux-centos7-x86_64/gcc-4.8.5/gcc-8.3.0-aoqn7jsisvrj2u5puapmiufudxmm6wt4/libexec/gcc/x86_64-pc-linux-gnu/8.3.0/:/lustre/opt/cascadelake/linux-centos7-x86_64/gcc-4.8.5/gcc-8.3.0-aoqn7jsisvrj2u5puapmiufudxmm6wt4/libexec/gcc/x86_64-pc-linux-gnu/:/lustre/opt/cascadelake/linux-centos7-x86_64/gcc-4.8.5/gcc-8.3.0-aoqn7jsisvrj2u5puapmiufudxmm6wt4/lib/gcc/x86_64-pc-linux-gnu/8.3.0/:/lustre/opt/cascadelake/linux-centos7-x86_64/gcc-4.8.5/gcc-8.3.0-aoqn7jsisvrj2u5puapmiufudxmm6wt4/lib/gcc/x86_64-pc-linux-gnu/
LIBRARY_PATH=/lustre/opt/cascadelake/linux-centos7-skylake_avx512/gcc-8.3.0/sundials-4.1.0-3csmzwmppfpua4qurwgqgtxina4rbgkj/lib64/../lib64/:/lustre/opt/cascadelake/linux-centos7-x86_64/gcc-4.8.5/gcc-8.3.0-aoqn7jsisvrj2u5puapmiufudxmm6wt4/lib64/../lib64/:/lustre/opt/cascadelake/linux-centos7-x86_64/gcc-4.8.5/gcc-8.3.0-aoqn7jsisvrj2u5puapmiufudxmm6wt4/lib/../lib64/:/lustre/opt/cascadelake/linux-centos7-x86_64/gcc-4.8.5/gcc-8.3.0-aoqn7jsisvrj2u5puapmiufudxmm6wt4/lib/gcc/x86_64-pc-linux-gnu/8.3.0/:/lustre/opt/cascadelake/linux-centos7-x86_64/gcc-4.8.5/gcc-8.3.0-aoqn7jsisvrj2u5puapmiufudxmm6wt4/lib/gcc/x86_64-pc-linux-gnu/8.3.0/../../../../lib64/:/lib/../lib64/:/usr/lib/../lib64/:/lustre/opt/cascadelake/linux-centos7-skylake_avx512/gcc-8.3.0/openmpi-3.1.5-mtdcmsa7pgj25pm5hdkzri4bdldcde4r/lib/:/lustre/opt/cascadelake/linux-centos7-skylake_avx512/gcc-8.3.0/boost-1.65.1-zmfewtzxajidxapt44cntbikhva2enep/lib/:/lustre/opt/cascadelake/linux-centos7-skylake_avx512/gcc-8.3.0/openblas-0.3.7-paog42mpv4e5re4aypej77asddpq2ra7/lib/:/lustre/opt/cascadelake/linux-centos7-skylake_avx512/gcc-8.3.0/hdf5-1.10.6-sqxgmiyubg6xqo3sb2llsikcilfk2r5n/lib/:/lustre/opt/cascadelake/linux-centos7-skylake_avx512/gcc-8.3.0/sundials-4.1.0-3csmzwmppfpua4qurwgqgtxina4rbgkj/lib64/:/lustre/opt/cascadelake/linux-centos7-x86_64/gcc-4.8.5/gcc-8.3.0-aoqn7jsisvrj2u5puapmiufudxmm6wt4/lib64/:/lustre/opt/cascadelake/linux-centos7-x86_64/gcc-4.8.5/gcc-8.3.0-aoqn7jsisvrj2u5puapmiufudxmm6wt4/lib/:/lustre/opt/cascadelake/linux-centos7-x86_64/gcc-4.8.5/gcc-8.3.0-aoqn7jsisvrj2u5puapmiufudxmm6wt4/lib/gcc/x86_64-pc-linux-gnu/8.3.0/../../../:/lib/:/usr/lib/
COLLECT_GCC_OPTIONS='-v' '-o' 'CMakeFiles/cmTC_70cbf.dir/CMakeCCompilerABI.c.o' '-c' '-mtune=generic' '-march=x86-64'
Linking C executable cmTC_70cbf
/lustre/home/acct-umjplw/umjplw/gcl/karfs_folder/Remote/local/cmake_3.15/bin/cmake -E cmake_link_script CMakeFiles/cmTC_70cbf.dir/link.txt --verbose=1
/lustre/opt/cascadelake/linux-centos7-x86_64/gcc-4.8.5/gcc-8.3.0-aoqn7jsisvrj2u5puapmiufudxmm6wt4/bin/gcc     -v CMakeFiles/cmTC_70cbf.dir/CMakeCCompilerABI.c.o  -o cmTC_70cbf 
Reading specs from /lustre/opt/cascadelake/linux-centos7-x86_64/gcc-4.8.5/gcc-8.3.0-aoqn7jsisvrj2u5puapmiufudxmm6wt4/lib/gcc/x86_64-pc-linux-gnu/8.3.0/specs
COLLECT_GCC=/lustre/opt/cascadelake/linux-centos7-x86_64/gcc-4.8.5/gcc-8.3.0-aoqn7jsisvrj2u5puapmiufudxmm6wt4/bin/gcc
COLLECT_LTO_WRAPPER=/lustre/opt/cascadelake/linux-centos7-x86_64/gcc-4.8.5/gcc-8.3.0-aoqn7jsisvrj2u5puapmiufudxmm6wt4/libexec/gcc/x86_64-pc-linux-gnu/8.3.0/lto-wrapper
Target: x86_64-pc-linux-gnu
Configured with: /tmp/rpm/spack-stage-gcc-8.3.0-aoqn7jsisvrj2u5puapmiufudxmm6wt4/spack-src/configure --prefix=/lustre/opt/cascadelake/linux-centos7-x86_64/gcc-4.8.5/gcc-8.3.0-aoqn7jsisvrj2u5puapmiufudxmm6wt4 --with-pkgversion='Spack GCC' --with-bugurl=https://github.com/spack/spack/issues --disable-multilib --enable-languages=c,c++,fortran --disable-nls --with-libiconv-prefix=/lustre/opt/cascadelake/linux-centos7-x86_64/gcc-4.8.5/libiconv-1.16-66scwnborhboy6vd554qx3p6ihe4c7y3 --with-mpfr=/lustre/opt/cascadelake/linux-centos7-x86_64/gcc-4.8.5/mpfr-3.1.6-kflyoj7nrj2mht5pf4z7mtkdp4hcbs5v --with-gmp=/lustre/opt/cascadelake/linux-centos7-x86_64/gcc-4.8.5/gmp-6.1.2-6bsovvkqwx6zscwtbvjj6egrgizbyycm --with-system-zlib --with-mpc=/lustre/opt/cascadelake/linux-centos7-x86_64/gcc-4.8.5/mpc-1.1.0-v5rqsbkr3zbia475v33ndowqhecvcvzn --with-isl=/lustre/opt/cascadelake/linux-centos7-x86_64/gcc-4.8.5/isl-0.18-l4somr6goh77xpmdb4tey7uwovhds526
Thread model: posix
gcc version 8.3.0 (Spack GCC) 
COMPILER_PATH=/lustre/opt/cascadelake/linux-centos7-x86_64/gcc-4.8.5/gcc-8.3.0-aoqn7jsisvrj2u5puapmiufudxmm6wt4/libexec/gcc/x86_64-pc-linux-gnu/8.3.0/:/lustre/opt/cascadelake/linux-centos7-x86_64/gcc-4.8.5/gcc-8.3.0-aoqn7jsisvrj2u5puapmiufudxmm6wt4/libexec/gcc/x86_64-pc-linux-gnu/8.3.0/:/lustre/opt/cascadelake/linux-centos7-x86_64/gcc-4.8.5/gcc-8.3.0-aoqn7jsisvrj2u5puapmiufudxmm6wt4/libexec/gcc/x86_64-pc-linux-gnu/:/lustre/opt/cascadelake/linux-centos7-x86_64/gcc-4.8.5/gcc-8.3.0-aoqn7jsisvrj2u5puapmiufudxmm6wt4/lib/gcc/x86_64-pc-linux-gnu/8.3.0/:/lustre/opt/cascadelake/linux-centos7-x86_64/gcc-4.8.5/gcc-8.3.0-aoqn7jsisvrj2u5puapmiufudxmm6wt4/lib/gcc/x86_64-pc-linux-gnu/
LIBRARY_PATH=/lustre/opt/cascadelake/linux-centos7-skylake_avx512/gcc-8.3.0/sundials-4.1.0-3csmzwmppfpua4qurwgqgtxina4rbgkj/lib64/../lib64/:/lustre/opt/cascadelake/linux-centos7-x86_64/gcc-4.8.5/gcc-8.3.0-aoqn7jsisvrj2u5puapmiufudxmm6wt4/lib64/../lib64/:/lustre/opt/cascadelake/linux-centos7-x86_64/gcc-4.8.5/gcc-8.3.0-aoqn7jsisvrj2u5puapmiufudxmm6wt4/lib/../lib64/:/lustre/opt/cascadelake/linux-centos7-x86_64/gcc-4.8.5/gcc-8.3.0-aoqn7jsisvrj2u5puapmiufudxmm6wt4/lib/gcc/x86_64-pc-linux-gnu/8.3.0/:/lustre/opt/cascadelake/linux-centos7-x86_64/gcc-4.8.5/gcc-8.3.0-aoqn7jsisvrj2u5puapmiufudxmm6wt4/lib/gcc/x86_64-pc-linux-gnu/8.3.0/../../../../lib64/:/lib/../lib64/:/usr/lib/../lib64/:/lustre/opt/cascadelake/linux-centos7-skylake_avx512/gcc-8.3.0/openmpi-3.1.5-mtdcmsa7pgj25pm5hdkzri4bdldcde4r/lib/:/lustre/opt/cascadelake/linux-centos7-skylake_avx512/gcc-8.3.0/boost-1.65.1-zmfewtzxajidxapt44cntbikhva2enep/lib/:/lustre/opt/cascadelake/linux-centos7-skylake_avx512/gcc-8.3.0/openblas-0.3.7-paog42mpv4e5re4aypej77asddpq2ra7/lib/:/lustre/opt/cascadelake/linux-centos7-skylake_avx512/gcc-8.3.0/hdf5-1.10.6-sqxgmiyubg6xqo3sb2llsikcilfk2r5n/lib/:/lustre/opt/cascadelake/linux-centos7-skylake_avx512/gcc-8.3.0/sundials-4.1.0-3csmzwmppfpua4qurwgqgtxina4rbgkj/lib64/:/lustre/opt/cascadelake/linux-centos7-x86_64/gcc-4.8.5/gcc-8.3.0-aoqn7jsisvrj2u5puapmiufudxmm6wt4/lib64/:/lustre/opt/cascadelake/linux-centos7-x86_64/gcc-4.8.5/gcc-8.3.0-aoqn7jsisvrj2u5puapmiufudxmm6wt4/lib/:/lustre/opt/cascadelake/linux-centos7-x86_64/gcc-4.8.5/gcc-8.3.0-aoqn7jsisvrj2u5puapmiufudxmm6wt4/lib/gcc/x86_64-pc-linux-gnu/8.3.0/../../../:/lib/:/usr/lib/
COLLECT_GCC_OPTIONS='-v' '-o' 'cmTC_70cbf' '-mtune=generic' '-march=x86-64'
 /lustre/opt/cascadelake/linux-centos7-x86_64/gcc-4.8.5/gcc-8.3.0-aoqn7jsisvrj2u5puapmiufudxmm6wt4/libexec/gcc/x86_64-pc-linux-gnu/8.3.0/collect2 -plugin /lustre/opt/cascadelake/linux-centos7-x86_64/gcc-4.8.5/gcc-8.3.0-aoqn7jsisvrj2u5puapmiufudxmm6wt4/libexec/gcc/x86_64-pc-linux-gnu/8.3.0/liblto_plugin.so -plugin-opt=/lustre/opt/cascadelake/linux-centos7-x86_64/gcc-4.8.5/gcc-8.3.0-aoqn7jsisvrj2u5puapmiufudxmm6wt4/libexec/gcc/x86_64-pc-linux-gnu/8.3.0/lto-wrapper -plugin-opt=-fresolution=/tmp/ccBJ694a.res -plugin-opt=-pass-through=-lgcc -plugin-opt=-pass-through=-lgcc_s -plugin-opt=-pass-through=-lc -plugin-opt=-pass-through=-lgcc -plugin-opt=-pass-through=-lgcc_s -rpath /lustre/opt/cascadelake/linux-centos7-x86_64/gcc-4.8.5/gcc-8.3.0-aoqn7jsisvrj2u5puapmiufudxmm6wt4/lib:/lustre/opt/cascadelake/linux-centos7-x86_64/gcc-4.8.5/gcc-8.3.0-aoqn7jsisvrj2u5puapmiufudxmm6wt4/lib64 --eh-frame-hdr -m elf_x86_64 -dynamic-linker /lib64/ld-linux-x86-64.so.2 -o cmTC_70cbf /lib/../lib64/crt1.o /lib/../lib64/crti.o /lustre/opt/cascadelake/linux-centos7-x86_64/gcc-4.8.5/gcc-8.3.0-aoqn7jsisvrj2u5puapmiufudxmm6wt4/lib/gcc/x86_64-pc-linux-gnu/8.3.0/crtbegin.o -L/lustre/opt/cascadelake/linux-centos7-skylake_avx512/gcc-8.3.0/sundials-4.1.0-3csmzwmppfpua4qurwgqgtxina4rbgkj/lib64/../lib64 -L/lustre/opt/cascadelake/linux-centos7-x86_64/gcc-4.8.5/gcc-8.3.0-aoqn7jsisvrj2u5puapmiufudxmm6wt4/lib64/../lib64 -L/lustre/opt/cascadelake/linux-centos7-x86_64/gcc-4.8.5/gcc-8.3.0-aoqn7jsisvrj2u5puapmiufudxmm6wt4/lib/../lib64 -L/lustre/opt/cascadelake/linux-centos7-x86_64/gcc-4.8.5/gcc-8.3.0-aoqn7jsisvrj2u5puapmiufudxmm6wt4/lib/gcc/x86_64-pc-linux-gnu/8.3.0 -L/lustre/opt/cascadelake/linux-centos7-x86_64/gcc-4.8.5/gcc-8.3.0-aoqn7jsisvrj2u5puapmiufudxmm6wt4/lib/gcc/x86_64-pc-linux-gnu/8.3.0/../../../../lib64 -L/lib/../lib64 -L/usr/lib/../lib64 -L/lustre/opt/cascadelake/linux-centos7-skylake_avx512/gcc-8.3.0/openmpi-3.1.5-mtdcmsa7pgj25pm5hdkzri4bdldcde4r/lib -L/lustre/opt/cascadelake/linux-centos7-skylake_avx512/gcc-8.3.0/boost-1.65.1-zmfewtzxajidxapt44cntbikhva2enep/lib -L/lustre/opt/cascadelake/linux-centos7-skylake_avx512/gcc-8.3.0/openblas-0.3.7-paog42mpv4e5re4aypej77asddpq2ra7/lib -L/lustre/opt/cascadelake/linux-centos7-skylake_avx512/gcc-8.3.0/hdf5-1.10.6-sqxgmiyubg6xqo3sb2llsikcilfk2r5n/lib -L/lustre/opt/cascadelake/linux-centos7-skylake_avx512/gcc-8.3.0/sundials-4.1.0-3csmzwmppfpua4qurwgqgtxina4rbgkj/lib64 -L/lustre/opt/cascadelake/linux-centos7-x86_64/gcc-4.8.5/gcc-8.3.0-aoqn7jsisvrj2u5puapmiufudxmm6wt4/lib64 -L/lustre/opt/cascadelake/linux-centos7-x86_64/gcc-4.8.5/gcc-8.3.0-aoqn7jsisvrj2u5puapmiufudxmm6wt4/lib -L/lustre/opt/cascadelake/linux-centos7-x86_64/gcc-4.8.5/gcc-8.3.0-aoqn7jsisvrj2u5puapmiufudxmm6wt4/lib/gcc/x86_64-pc-linux-gnu/8.3.0/../../.. CMakeFiles/cmTC_70cbf.dir/CMakeCCompilerABI.c.o -lgcc --as-needed -lgcc_s --no-as-needed -lc -lgcc --as-needed -lgcc_s --no-as-needed /lustre/opt/cascadelake/linux-centos7-x86_64/gcc-4.8.5/gcc-8.3.0-aoqn7jsisvrj2u5puapmiufudxmm6wt4/lib/gcc/x86_64-pc-linux-gnu/8.3.0/crtend.o /lib/../lib64/crtn.o
COLLECT_GCC_OPTIONS='-v' '-o' 'cmTC_70cbf' '-mtune=generic' '-march=x86-64'
gmake[1]: Leaving directory `/lustre/home/acct-umjplw/umjplw/gcl/CFD/ProjectIV/cmake-build-debug/CMakeFiles/CMakeTmp'



Parsed C implicit include dir info from above output: rv=done
  found start of include info
  found start of implicit include info
    add: [/lustre/opt/cascadelake/linux-centos7-skylake_avx512/gcc-8.3.0/boost-1.65.1-zmfewtzxajidxapt44cntbikhva2enep/include]
    add: [/lustre/opt/cascadelake/linux-centos7-skylake_avx512/gcc-8.3.0/openblas-0.3.7-paog42mpv4e5re4aypej77asddpq2ra7/include]
    add: [/lustre/opt/cascadelake/linux-centos7-skylake_avx512/gcc-8.3.0/sundials-4.1.0-3csmzwmppfpua4qurwgqgtxina4rbgkj/include]
    add: [/lustre/opt/cascadelake/linux-centos7-skylake_avx512/gcc-8.3.0/openmpi-3.1.5-mtdcmsa7pgj25pm5hdkzri4bdldcde4r/include]
    add: [/lustre/opt/cascadelake/linux-centos7-skylake_avx512/gcc-8.3.0/hdf5-1.10.6-sqxgmiyubg6xqo3sb2llsikcilfk2r5n/include]
    add: [/lustre/opt/cascadelake/linux-centos7-x86_64/gcc-4.8.5/gcc-8.3.0-aoqn7jsisvrj2u5puapmiufudxmm6wt4/lib/gcc/x86_64-pc-linux-gnu/8.3.0/include]
    add: [/usr/local/include]
    add: [/lustre/opt/cascadelake/linux-centos7-x86_64/gcc-4.8.5/gcc-8.3.0-aoqn7jsisvrj2u5puapmiufudxmm6wt4/include]
    add: [/lustre/opt/cascadelake/linux-centos7-x86_64/gcc-4.8.5/gcc-8.3.0-aoqn7jsisvrj2u5puapmiufudxmm6wt4/lib/gcc/x86_64-pc-linux-gnu/8.3.0/include-fixed]
    add: [/usr/include]
  end of search list found
  collapse include dir [/lustre/opt/cascadelake/linux-centos7-skylake_avx512/gcc-8.3.0/boost-1.65.1-zmfewtzxajidxapt44cntbikhva2enep/include] ==> [/lustre/opt/cascadelake/linux-centos7-skylake_avx512/gcc-8.3.0/boost-1.65.1-zmfewtzxajidxapt44cntbikhva2enep/include]
  collapse include dir [/lustre/opt/cascadelake/linux-centos7-skylake_avx512/gcc-8.3.0/openblas-0.3.7-paog42mpv4e5re4aypej77asddpq2ra7/include] ==> [/lustre/opt/cascadelake/linux-centos7-skylake_avx512/gcc-8.3.0/openblas-0.3.7-paog42mpv4e5re4aypej77asddpq2ra7/include]
  collapse include dir [/lustre/opt/cascadelake/linux-centos7-skylake_avx512/gcc-8.3.0/sundials-4.1.0-3csmzwmppfpua4qurwgqgtxina4rbgkj/include] ==> [/lustre/opt/cascadelake/linux-centos7-skylake_avx512/gcc-8.3.0/sundials-4.1.0-3csmzwmppfpua4qurwgqgtxina4rbgkj/include]
  collapse include dir [/lustre/opt/cascadelake/linux-centos7-skylake_avx512/gcc-8.3.0/openmpi-3.1.5-mtdcmsa7pgj25pm5hdkzri4bdldcde4r/include] ==> [/lustre/opt/cascadelake/linux-centos7-skylake_avx512/gcc-8.3.0/openmpi-3.1.5-mtdcmsa7pgj25pm5hdkzri4bdldcde4r/include]
  collapse include dir [/lustre/opt/cascadelake/linux-centos7-skylake_avx512/gcc-8.3.0/hdf5-1.10.6-sqxgmiyubg6xqo3sb2llsikcilfk2r5n/include] ==> [/lustre/opt/cascadelake/linux-centos7-skylake_avx512/gcc-8.3.0/hdf5-1.10.6-sqxgmiyubg6xqo3sb2llsikcilfk2r5n/include]
  collapse include dir [/lustre/opt/cascadelake/linux-centos7-x86_64/gcc-4.8.5/gcc-8.3.0-aoqn7jsisvrj2u5puapmiufudxmm6wt4/lib/gcc/x86_64-pc-linux-gnu/8.3.0/include] ==> [/lustre/opt/cascadelake/linux-centos7-x86_64/gcc-4.8.5/gcc-8.3.0-aoqn7jsisvrj2u5puapmiufudxmm6wt4/lib/gcc/x86_64-pc-linux-gnu/8.3.0/include]
  collapse include dir [/usr/local/include] ==> [/usr/local/include]
  collapse include dir [/lustre/opt/cascadelake/linux-centos7-x86_64/gcc-4.8.5/gcc-8.3.0-aoqn7jsisvrj2u5puapmiufudxmm6wt4/include] ==> [/lustre/opt/cascadelake/linux-centos7-x86_64/gcc-4.8.5/gcc-8.3.0-aoqn7jsisvrj2u5puapmiufudxmm6wt4/include]
  collapse include dir [/lustre/opt/cascadelake/linux-centos7-x86_64/gcc-4.8.5/gcc-8.3.0-aoqn7jsisvrj2u5puapmiufudxmm6wt4/lib/gcc/x86_64-pc-linux-gnu/8.3.0/include-fixed] ==> [/lustre/opt/cascadelake/linux-centos7-x86_64/gcc-4.8.5/gcc-8.3.0-aoqn7jsisvrj2u5puapmiufudxmm6wt4/lib/gcc/x86_64-pc-linux-gnu/8.3.0/include-fixed]
  collapse include dir [/usr/include] ==> [/usr/include]
  implicit include dirs: [/lustre/opt/cascadelake/linux-centos7-skylake_avx512/gcc-8.3.0/boost-1.65.1-zmfewtzxajidxapt44cntbikhva2enep/include;/lustre/opt/cascadelake/linux-centos7-skylake_avx512/gcc-8.3.0/openblas-0.3.7-paog42mpv4e5re4aypej77asddpq2ra7/include;/lustre/opt/cascadelake/linux-centos7-skylake_avx512/gcc-8.3.0/sundials-4.1.0-3csmzwmppfpua4qurwgqgtxina4rbgkj/include;/lustre/opt/cascadelake/linux-centos7-skylake_avx512/gcc-8.3.0/openmpi-3.1.5-mtdcmsa7pgj25pm5hdkzri4bdldcde4r/include;/lustre/opt/cascadelake/linux-centos7-skylake_avx512/gcc-8.3.0/hdf5-1.10.6-sqxgmiyubg6xqo3sb2llsikcilfk2r5n/include;/lustre/opt/cascadelake/linux-centos7-x86_64/gcc-4.8.5/gcc-8.3.0-aoqn7jsisvrj2u5puapmiufudxmm6wt4/lib/gcc/x86_64-pc-linux-gnu/8.3.0/include;/usr/local/include;/lustre/opt/cascadelake/linux-centos7-x86_64/gcc-4.8.5/gcc-8.3.0-aoqn7jsisvrj2u5puapmiufudxmm6wt4/include;/lustre/opt/cascadelake/linux-centos7-x86_64/gcc-4.8.5/gcc-8.3.0-aoqn7jsisvrj2u5puapmiufudxmm6wt4/lib/gcc/x86_64-pc-linux-gnu/8.3.0/include-fixed;/usr/include]


Parsed C implicit link information from above output:
  link line regex: [^( *|.*[/\])(ld|CMAKE_LINK_STARTFILE-NOTFOUND|([^/\]+-)?ld|collect2)[^/\]*( |$)]
  ignore line: [Change Dir: /lustre/home/acct-umjplw/umjplw/gcl/CFD/ProjectIV/cmake-build-debug/CMakeFiles/CMakeTmp]
  ignore line: []
  ignore line: [Run Build Command(s):/usr/bin/gmake cmTC_70cbf/fast && /usr/bin/gmake -f CMakeFiles/cmTC_70cbf.dir/build.make CMakeFiles/cmTC_70cbf.dir/build]
  ignore line: [gmake[1]: Entering directory `/lustre/home/acct-umjplw/umjplw/gcl/CFD/ProjectIV/cmake-build-debug/CMakeFiles/CMakeTmp']
  ignore line: [Building C object CMakeFiles/cmTC_70cbf.dir/CMakeCCompilerABI.c.o]
  ignore line: [/lustre/opt/cascadelake/linux-centos7-x86_64/gcc-4.8.5/gcc-8.3.0-aoqn7jsisvrj2u5puapmiufudxmm6wt4/bin/gcc   -v -o CMakeFiles/cmTC_70cbf.dir/CMakeCCompilerABI.c.o   -c /lustre/home/acct-umjplw/umjplw/gcl/karfs_folder/Remote/local/cmake_3.15/share/cmake-3.15/Modules/CMakeCCompilerABI.c]
  ignore line: [Reading specs from /lustre/opt/cascadelake/linux-centos7-x86_64/gcc-4.8.5/gcc-8.3.0-aoqn7jsisvrj2u5puapmiufudxmm6wt4/lib/gcc/x86_64-pc-linux-gnu/8.3.0/specs]
  ignore line: [COLLECT_GCC=/lustre/opt/cascadelake/linux-centos7-x86_64/gcc-4.8.5/gcc-8.3.0-aoqn7jsisvrj2u5puapmiufudxmm6wt4/bin/gcc]
  ignore line: [Target: x86_64-pc-linux-gnu]
  ignore line: [Configured with: /tmp/rpm/spack-stage-gcc-8.3.0-aoqn7jsisvrj2u5puapmiufudxmm6wt4/spack-src/configure --prefix=/lustre/opt/cascadelake/linux-centos7-x86_64/gcc-4.8.5/gcc-8.3.0-aoqn7jsisvrj2u5puapmiufudxmm6wt4 --with-pkgversion='Spack GCC' --with-bugurl=https://github.com/spack/spack/issues --disable-multilib --enable-languages=c,c++,fortran --disable-nls --with-libiconv-prefix=/lustre/opt/cascadelake/linux-centos7-x86_64/gcc-4.8.5/libiconv-1.16-66scwnborhboy6vd554qx3p6ihe4c7y3 --with-mpfr=/lustre/opt/cascadelake/linux-centos7-x86_64/gcc-4.8.5/mpfr-3.1.6-kflyoj7nrj2mht5pf4z7mtkdp4hcbs5v --with-gmp=/lustre/opt/cascadelake/linux-centos7-x86_64/gcc-4.8.5/gmp-6.1.2-6bsovvkqwx6zscwtbvjj6egrgizbyycm --with-system-zlib --with-mpc=/lustre/opt/cascadelake/linux-centos7-x86_64/gcc-4.8.5/mpc-1.1.0-v5rqsbkr3zbia475v33ndowqhecvcvzn --with-isl=/lustre/opt/cascadelake/linux-centos7-x86_64/gcc-4.8.5/isl-0.18-l4somr6goh77xpmdb4tey7uwovhds526]
  ignore line: [Thread model: posix]
  ignore line: [gcc version 8.3.0 (Spack GCC) ]
  ignore line: [COLLECT_GCC_OPTIONS='-v' '-o' 'CMakeFiles/cmTC_70cbf.dir/CMakeCCompilerABI.c.o' '-c' '-mtune=generic' '-march=x86-64']
  ignore line: [ /lustre/opt/cascadelake/linux-centos7-x86_64/gcc-4.8.5/gcc-8.3.0-aoqn7jsisvrj2u5puapmiufudxmm6wt4/libexec/gcc/x86_64-pc-linux-gnu/8.3.0/cc1 -quiet -v /lustre/home/acct-umjplw/umjplw/gcl/karfs_folder/Remote/local/cmake_3.15/share/cmake-3.15/Modules/CMakeCCompilerABI.c -quiet -dumpbase CMakeCCompilerABI.c -mtune=generic -march=x86-64 -auxbase-strip CMakeFiles/cmTC_70cbf.dir/CMakeCCompilerABI.c.o -version -o /tmp/ccYZfQ4X.s]
  ignore line: [GNU C17 (Spack GCC) version 8.3.0 (x86_64-pc-linux-gnu)]
  ignore line: [	compiled by GNU C version 8.3.0, GMP version 6.1.2, MPFR version 3.1.6-p2, MPC version 1.1.0, isl version isl-0.18-GMP]
  ignore line: []
  ignore line: [GGC heuristics: --param ggc-min-expand=100 --param ggc-min-heapsize=131072]
  ignore line: [ignoring nonexistent directory "/lustre/opt/cascadelake/linux-centos7-x86_64/gcc-4.8.5/gcc-8.3.0-aoqn7jsisvrj2u5puapmiufudxmm6wt4/lib/gcc/x86_64-pc-linux-gnu/8.3.0/../../../../x86_64-pc-linux-gnu/include"]
  ignore line: [ignoring duplicate directory "/lustre/opt/cascadelake/linux-centos7-x86_64/gcc-4.8.5/gcc-8.3.0-aoqn7jsisvrj2u5puapmiufudxmm6wt4/include"]
  ignore line: [  as it is a non-system directory that duplicates a system directory]
  ignore line: [#include "..." search starts here:]
  ignore line: [#include <...> search starts here:]
  ignore line: [ /lustre/opt/cascadelake/linux-centos7-skylake_avx512/gcc-8.3.0/boost-1.65.1-zmfewtzxajidxapt44cntbikhva2enep/include]
  ignore line: [ /lustre/opt/cascadelake/linux-centos7-skylake_avx512/gcc-8.3.0/openblas-0.3.7-paog42mpv4e5re4aypej77asddpq2ra7/include]
  ignore line: [ /lustre/opt/cascadelake/linux-centos7-skylake_avx512/gcc-8.3.0/sundials-4.1.0-3csmzwmppfpua4qurwgqgtxina4rbgkj/include]
  ignore line: [ /lustre/opt/cascadelake/linux-centos7-skylake_avx512/gcc-8.3.0/openmpi-3.1.5-mtdcmsa7pgj25pm5hdkzri4bdldcde4r/include]
  ignore line: [ /lustre/opt/cascadelake/linux-centos7-skylake_avx512/gcc-8.3.0/hdf5-1.10.6-sqxgmiyubg6xqo3sb2llsikcilfk2r5n/include]
  ignore line: [ /lustre/opt/cascadelake/linux-centos7-x86_64/gcc-4.8.5/gcc-8.3.0-aoqn7jsisvrj2u5puapmiufudxmm6wt4/lib/gcc/x86_64-pc-linux-gnu/8.3.0/include]
  ignore line: [ /usr/local/include]
  ignore line: [ /lustre/opt/cascadelake/linux-centos7-x86_64/gcc-4.8.5/gcc-8.3.0-aoqn7jsisvrj2u5puapmiufudxmm6wt4/include]
  ignore line: [ /lustre/opt/cascadelake/linux-centos7-x86_64/gcc-4.8.5/gcc-8.3.0-aoqn7jsisvrj2u5puapmiufudxmm6wt4/lib/gcc/x86_64-pc-linux-gnu/8.3.0/include-fixed]
  ignore line: [ /usr/include]
  ignore line: [End of search list.]
  ignore line: [GNU C17 (Spack GCC) version 8.3.0 (x86_64-pc-linux-gnu)]
  ignore line: [	compiled by GNU C version 8.3.0, GMP version 6.1.2, MPFR version 3.1.6-p2, MPC version 1.1.0, isl version isl-0.18-GMP]
  ignore line: []
  ignore line: [GGC heuristics: --param ggc-min-expand=100 --param ggc-min-heapsize=131072]
  ignore line: [Compiler executable checksum: 3e29a4fa8e0aa3b550a0669b37f7261e]
  ignore line: [COLLECT_GCC_OPTIONS='-v' '-o' 'CMakeFiles/cmTC_70cbf.dir/CMakeCCompilerABI.c.o' '-c' '-mtune=generic' '-march=x86-64']
  ignore line: [ as -v --64 -o CMakeFiles/cmTC_70cbf.dir/CMakeCCompilerABI.c.o /tmp/ccYZfQ4X.s]
  ignore line: [GNU assembler version 2.27 (x86_64-redhat-linux) using BFD version version 2.27-41.base.el7]
  ignore line: [COMPILER_PATH=/lustre/opt/cascadelake/linux-centos7-x86_64/gcc-4.8.5/gcc-8.3.0-aoqn7jsisvrj2u5puapmiufudxmm6wt4/libexec/gcc/x86_64-pc-linux-gnu/8.3.0/:/lustre/opt/cascadelake/linux-centos7-x86_64/gcc-4.8.5/gcc-8.3.0-aoqn7jsisvrj2u5puapmiufudxmm6wt4/libexec/gcc/x86_64-pc-linux-gnu/8.3.0/:/lustre/opt/cascadelake/linux-centos7-x86_64/gcc-4.8.5/gcc-8.3.0-aoqn7jsisvrj2u5puapmiufudxmm6wt4/libexec/gcc/x86_64-pc-linux-gnu/:/lustre/opt/cascadelake/linux-centos7-x86_64/gcc-4.8.5/gcc-8.3.0-aoqn7jsisvrj2u5puapmiufudxmm6wt4/lib/gcc/x86_64-pc-linux-gnu/8.3.0/:/lustre/opt/cascadelake/linux-centos7-x86_64/gcc-4.8.5/gcc-8.3.0-aoqn7jsisvrj2u5puapmiufudxmm6wt4/lib/gcc/x86_64-pc-linux-gnu/]
  ignore line: [LIBRARY_PATH=/lustre/opt/cascadelake/linux-centos7-skylake_avx512/gcc-8.3.0/sundials-4.1.0-3csmzwmppfpua4qurwgqgtxina4rbgkj/lib64/../lib64/:/lustre/opt/cascadelake/linux-centos7-x86_64/gcc-4.8.5/gcc-8.3.0-aoqn7jsisvrj2u5puapmiufudxmm6wt4/lib64/../lib64/:/lustre/opt/cascadelake/linux-centos7-x86_64/gcc-4.8.5/gcc-8.3.0-aoqn7jsisvrj2u5puapmiufudxmm6wt4/lib/../lib64/:/lustre/opt/cascadelake/linux-centos7-x86_64/gcc-4.8.5/gcc-8.3.0-aoqn7jsisvrj2u5puapmiufudxmm6wt4/lib/gcc/x86_64-pc-linux-gnu/8.3.0/:/lustre/opt/cascadelake/linux-centos7-x86_64/gcc-4.8.5/gcc-8.3.0-aoqn7jsisvrj2u5puapmiufudxmm6wt4/lib/gcc/x86_64-pc-linux-gnu/8.3.0/../../../../lib64/:/lib/../lib64/:/usr/lib/../lib64/:/lustre/opt/cascadelake/linux-centos7-skylake_avx512/gcc-8.3.0/openmpi-3.1.5-mtdcmsa7pgj25pm5hdkzri4bdldcde4r/lib/:/lustre/opt/cascadelake/linux-centos7-skylake_avx512/gcc-8.3.0/boost-1.65.1-zmfewtzxajidxapt44cntbikhva2enep/lib/:/lustre/opt/cascadelake/linux-centos7-skylake_avx512/gcc-8.3.0/openblas-0.3.7-paog42mpv4e5re4aypej77asddpq2ra7/lib/:/lustre/opt/cascadelake/linux-centos7-skylake_avx512/gcc-8.3.0/hdf5-1.10.6-sqxgmiyubg6xqo3sb2llsikcilfk2r5n/lib/:/lustre/opt/cascadelake/linux-centos7-skylake_avx512/gcc-8.3.0/sundials-4.1.0-3csmzwmppfpua4qurwgqgtxina4rbgkj/lib64/:/lustre/opt/cascadelake/linux-centos7-x86_64/gcc-4.8.5/gcc-8.3.0-aoqn7jsisvrj2u5puapmiufudxmm6wt4/lib64/:/lustre/opt/cascadelake/linux-centos7-x86_64/gcc-4.8.5/gcc-8.3.0-aoqn7jsisvrj2u5puapmiufudxmm6wt4/lib/:/lustre/opt/cascadelake/linux-centos7-x86_64/gcc-4.8.5/gcc-8.3.0-aoqn7jsisvrj2u5puapmiufudxmm6wt4/lib/gcc/x86_64-pc-linux-gnu/8.3.0/../../../:/lib/:/usr/lib/]
  ignore line: [COLLECT_GCC_OPTIONS='-v' '-o' 'CMakeFiles/cmTC_70cbf.dir/CMakeCCompilerABI.c.o' '-c' '-mtune=generic' '-march=x86-64']
  ignore line: [Linking C executable cmTC_70cbf]
  ignore line: [/lustre/home/acct-umjplw/umjplw/gcl/karfs_folder/Remote/local/cmake_3.15/bin/cmake -E cmake_link_script CMakeFiles/cmTC_70cbf.dir/link.txt --verbose=1]
  ignore line: [/lustre/opt/cascadelake/linux-centos7-x86_64/gcc-4.8.5/gcc-8.3.0-aoqn7jsisvrj2u5puapmiufudxmm6wt4/bin/gcc     -v CMakeFiles/cmTC_70cbf.dir/CMakeCCompilerABI.c.o  -o cmTC_70cbf ]
  ignore line: [Reading specs from /lustre/opt/cascadelake/linux-centos7-x86_64/gcc-4.8.5/gcc-8.3.0-aoqn7jsisvrj2u5puapmiufudxmm6wt4/lib/gcc/x86_64-pc-linux-gnu/8.3.0/specs]
  ignore line: [COLLECT_GCC=/lustre/opt/cascadelake/linux-centos7-x86_64/gcc-4.8.5/gcc-8.3.0-aoqn7jsisvrj2u5puapmiufudxmm6wt4/bin/gcc]
  ignore line: [COLLECT_LTO_WRAPPER=/lustre/opt/cascadelake/linux-centos7-x86_64/gcc-4.8.5/gcc-8.3.0-aoqn7jsisvrj2u5puapmiufudxmm6wt4/libexec/gcc/x86_64-pc-linux-gnu/8.3.0/lto-wrapper]
  ignore line: [Target: x86_64-pc-linux-gnu]
  ignore line: [Configured with: /tmp/rpm/spack-stage-gcc-8.3.0-aoqn7jsisvrj2u5puapmiufudxmm6wt4/spack-src/configure --prefix=/lustre/opt/cascadelake/linux-centos7-x86_64/gcc-4.8.5/gcc-8.3.0-aoqn7jsisvrj2u5puapmiufudxmm6wt4 --with-pkgversion='Spack GCC' --with-bugurl=https://github.com/spack/spack/issues --disable-multilib --enable-languages=c,c++,fortran --disable-nls --with-libiconv-prefix=/lustre/opt/cascadelake/linux-centos7-x86_64/gcc-4.8.5/libiconv-1.16-66scwnborhboy6vd554qx3p6ihe4c7y3 --with-mpfr=/lustre/opt/cascadelake/linux-centos7-x86_64/gcc-4.8.5/mpfr-3.1.6-kflyoj7nrj2mht5pf4z7mtkdp4hcbs5v --with-gmp=/lustre/opt/cascadelake/linux-centos7-x86_64/gcc-4.8.5/gmp-6.1.2-6bsovvkqwx6zscwtbvjj6egrgizbyycm --with-system-zlib --with-mpc=/lustre/opt/cascadelake/linux-centos7-x86_64/gcc-4.8.5/mpc-1.1.0-v5rqsbkr3zbia475v33ndowqhecvcvzn --with-isl=/lustre/opt/cascadelake/linux-centos7-x86_64/gcc-4.8.5/isl-0.18-l4somr6goh77xpmdb4tey7uwovhds526]
  ignore line: [Thread model: posix]
  ignore line: [gcc version 8.3.0 (Spack GCC) ]
  ignore line: [COMPILER_PATH=/lustre/opt/cascadelake/linux-centos7-x86_64/gcc-4.8.5/gcc-8.3.0-aoqn7jsisvrj2u5puapmiufudxmm6wt4/libexec/gcc/x86_64-pc-linux-gnu/8.3.0/:/lustre/opt/cascadelake/linux-centos7-x86_64/gcc-4.8.5/gcc-8.3.0-aoqn7jsisvrj2u5puapmiufudxmm6wt4/libexec/gcc/x86_64-pc-linux-gnu/8.3.0/:/lustre/opt/cascadelake/linux-centos7-x86_64/gcc-4.8.5/gcc-8.3.0-aoqn7jsisvrj2u5puapmiufudxmm6wt4/libexec/gcc/x86_64-pc-linux-gnu/:/lustre/opt/cascadelake/linux-centos7-x86_64/gcc-4.8.5/gcc-8.3.0-aoqn7jsisvrj2u5puapmiufudxmm6wt4/lib/gcc/x86_64-pc-linux-gnu/8.3.0/:/lustre/opt/cascadelake/linux-centos7-x86_64/gcc-4.8.5/gcc-8.3.0-aoqn7jsisvrj2u5puapmiufudxmm6wt4/lib/gcc/x86_64-pc-linux-gnu/]
  ignore line: [LIBRARY_PATH=/lustre/opt/cascadelake/linux-centos7-skylake_avx512/gcc-8.3.0/sundials-4.1.0-3csmzwmppfpua4qurwgqgtxina4rbgkj/lib64/../lib64/:/lustre/opt/cascadelake/linux-centos7-x86_64/gcc-4.8.5/gcc-8.3.0-aoqn7jsisvrj2u5puapmiufudxmm6wt4/lib64/../lib64/:/lustre/opt/cascadelake/linux-centos7-x86_64/gcc-4.8.5/gcc-8.3.0-aoqn7jsisvrj2u5puapmiufudxmm6wt4/lib/../lib64/:/lustre/opt/cascadelake/linux-centos7-x86_64/gcc-4.8.5/gcc-8.3.0-aoqn7jsisvrj2u5puapmiufudxmm6wt4/lib/gcc/x86_64-pc-linux-gnu/8.3.0/:/lustre/opt/cascadelake/linux-centos7-x86_64/gcc-4.8.5/gcc-8.3.0-aoqn7jsisvrj2u5puapmiufudxmm6wt4/lib/gcc/x86_64-pc-linux-gnu/8.3.0/../../../../lib64/:/lib/../lib64/:/usr/lib/../lib64/:/lustre/opt/cascadelake/linux-centos7-skylake_avx512/gcc-8.3.0/openmpi-3.1.5-mtdcmsa7pgj25pm5hdkzri4bdldcde4r/lib/:/lustre/opt/cascadelake/linux-centos7-skylake_avx512/gcc-8.3.0/boost-1.65.1-zmfewtzxajidxapt44cntbikhva2enep/lib/:/lustre/opt/cascadelake/linux-centos7-skylake_avx512/gcc-8.3.0/openblas-0.3.7-paog42mpv4e5re4aypej77asddpq2ra7/lib/:/lustre/opt/cascadelake/linux-centos7-skylake_avx512/gcc-8.3.0/hdf5-1.10.6-sqxgmiyubg6xqo3sb2llsikcilfk2r5n/lib/:/lustre/opt/cascadelake/linux-centos7-skylake_avx512/gcc-8.3.0/sundials-4.1.0-3csmzwmppfpua4qurwgqgtxina4rbgkj/lib64/:/lustre/opt/cascadelake/linux-centos7-x86_64/gcc-4.8.5/gcc-8.3.0-aoqn7jsisvrj2u5puapmiufudxmm6wt4/lib64/:/lustre/opt/cascadelake/linux-centos7-x86_64/gcc-4.8.5/gcc-8.3.0-aoqn7jsisvrj2u5puapmiufudxmm6wt4/lib/:/lustre/opt/cascadelake/linux-centos7-x86_64/gcc-4.8.5/gcc-8.3.0-aoqn7jsisvrj2u5puapmiufudxmm6wt4/lib/gcc/x86_64-pc-linux-gnu/8.3.0/../../../:/lib/:/usr/lib/]
  ignore line: [COLLECT_GCC_OPTIONS='-v' '-o' 'cmTC_70cbf' '-mtune=generic' '-march=x86-64']
  link line: [ /lustre/opt/cascadelake/linux-centos7-x86_64/gcc-4.8.5/gcc-8.3.0-aoqn7jsisvrj2u5puapmiufudxmm6wt4/libexec/gcc/x86_64-pc-linux-gnu/8.3.0/collect2 -plugin /lustre/opt/cascadelake/linux-centos7-x86_64/gcc-4.8.5/gcc-8.3.0-aoqn7jsisvrj2u5puapmiufudxmm6wt4/libexec/gcc/x86_64-pc-linux-gnu/8.3.0/liblto_plugin.so -plugin-opt=/lustre/opt/cascadelake/linux-centos7-x86_64/gcc-4.8.5/gcc-8.3.0-aoqn7jsisvrj2u5puapmiufudxmm6wt4/libexec/gcc/x86_64-pc-linux-gnu/8.3.0/lto-wrapper -plugin-opt=-fresolution=/tmp/ccBJ694a.res -plugin-opt=-pass-through=-lgcc -plugin-opt=-pass-through=-lgcc_s -plugin-opt=-pass-through=-lc -plugin-opt=-pass-through=-lgcc -plugin-opt=-pass-through=-lgcc_s -rpath /lustre/opt/cascadelake/linux-centos7-x86_64/gcc-4.8.5/gcc-8.3.0-aoqn7jsisvrj2u5puapmiufudxmm6wt4/lib:/lustre/opt/cascadelake/linux-centos7-x86_64/gcc-4.8.5/gcc-8.3.0-aoqn7jsisvrj2u5puapmiufudxmm6wt4/lib64 --eh-frame-hdr -m elf_x86_64 -dynamic-linker /lib64/ld-linux-x86-64.so.2 -o cmTC_70cbf /lib/../lib64/crt1.o /lib/../lib64/crti.o /lustre/opt/cascadelake/linux-centos7-x86_64/gcc-4.8.5/gcc-8.3.0-aoqn7jsisvrj2u5puapmiufudxmm6wt4/lib/gcc/x86_64-pc-linux-gnu/8.3.0/crtbegin.o -L/lustre/opt/cascadelake/linux-centos7-skylake_avx512/gcc-8.3.0/sundials-4.1.0-3csmzwmppfpua4qurwgqgtxina4rbgkj/lib64/../lib64 -L/lustre/opt/cascadelake/linux-centos7-x86_64/gcc-4.8.5/gcc-8.3.0-aoqn7jsisvrj2u5puapmiufudxmm6wt4/lib64/../lib64 -L/lustre/opt/cascadelake/linux-centos7-x86_64/gcc-4.8.5/gcc-8.3.0-aoqn7jsisvrj2u5puapmiufudxmm6wt4/lib/../lib64 -L/lustre/opt/cascadelake/linux-centos7-x86_64/gcc-4.8.5/gcc-8.3.0-aoqn7jsisvrj2u5puapmiufudxmm6wt4/lib/gcc/x86_64-pc-linux-gnu/8.3.0 -L/lustre/opt/cascadelake/linux-centos7-x86_64/gcc-4.8.5/gcc-8.3.0-aoqn7jsisvrj2u5puapmiufudxmm6wt4/lib/gcc/x86_64-pc-linux-gnu/8.3.0/../../../../lib64 -L/lib/../lib64 -L/usr/lib/../lib64 -L/lustre/opt/cascadelake/linux-centos7-skylake_avx512/gcc-8.3.0/openmpi-3.1.5-mtdcmsa7pgj25pm5hdkzri4bdldcde4r/lib -L/lustre/opt/cascadelake/linux-centos7-skylake_avx512/gcc-8.3.0/boost-1.65.1-zmfewtzxajidxapt44cntbikhva2enep/lib -L/lustre/opt/cascadelake/linux-centos7-skylake_avx512/gcc-8.3.0/openblas-0.3.7-paog42mpv4e5re4aypej77asddpq2ra7/lib -L/lustre/opt/cascadelake/linux-centos7-skylake_avx512/gcc-8.3.0/hdf5-1.10.6-sqxgmiyubg6xqo3sb2llsikcilfk2r5n/lib -L/lustre/opt/cascadelake/linux-centos7-skylake_avx512/gcc-8.3.0/sundials-4.1.0-3csmzwmppfpua4qurwgqgtxina4rbgkj/lib64 -L/lustre/opt/cascadelake/linux-centos7-x86_64/gcc-4.8.5/gcc-8.3.0-aoqn7jsisvrj2u5puapmiufudxmm6wt4/lib64 -L/lustre/opt/cascadelake/linux-centos7-x86_64/gcc-4.8.5/gcc-8.3.0-aoqn7jsisvrj2u5puapmiufudxmm6wt4/lib -L/lustre/opt/cascadelake/linux-centos7-x86_64/gcc-4.8.5/gcc-8.3.0-aoqn7jsisvrj2u5puapmiufudxmm6wt4/lib/gcc/x86_64-pc-linux-gnu/8.3.0/../../.. CMakeFiles/cmTC_70cbf.dir/CMakeCCompilerABI.c.o -lgcc --as-needed -lgcc_s --no-as-needed -lc -lgcc --as-needed -lgcc_s --no-as-needed /lustre/opt/cascadelake/linux-centos7-x86_64/gcc-4.8.5/gcc-8.3.0-aoqn7jsisvrj2u5puapmiufudxmm6wt4/lib/gcc/x86_64-pc-linux-gnu/8.3.0/crtend.o /lib/../lib64/crtn.o]
    arg [/lustre/opt/cascadelake/linux-centos7-x86_64/gcc-4.8.5/gcc-8.3.0-aoqn7jsisvrj2u5puapmiufudxmm6wt4/libexec/gcc/x86_64-pc-linux-gnu/8.3.0/collect2] ==> ignore
    arg [-plugin] ==> ignore
    arg [/lustre/opt/cascadelake/linux-centos7-x86_64/gcc-4.8.5/gcc-8.3.0-aoqn7jsisvrj2u5puapmiufudxmm6wt4/libexec/gcc/x86_64-pc-linux-gnu/8.3.0/liblto_plugin.so] ==> ignore
    arg [-plugin-opt=/lustre/opt/cascadelake/linux-centos7-x86_64/gcc-4.8.5/gcc-8.3.0-aoqn7jsisvrj2u5puapmiufudxmm6wt4/libexec/gcc/x86_64-pc-linux-gnu/8.3.0/lto-wrapper] ==> ignore
    arg [-plugin-opt=-fresolution=/tmp/ccBJ694a.res] ==> ignore
    arg [-plugin-opt=-pass-through=-lgcc] ==> ignore
    arg [-plugin-opt=-pass-through=-lgcc_s] ==> ignore
    arg [-plugin-opt=-pass-through=-lc] ==> ignore
    arg [-plugin-opt=-pass-through=-lgcc] ==> ignore
    arg [-plugin-opt=-pass-through=-lgcc_s] ==> ignore
    arg [-rpath] ==> ignore
    arg [/lustre/opt/cascadelake/linux-centos7-x86_64/gcc-4.8.5/gcc-8.3.0-aoqn7jsisvrj2u5puapmiufudxmm6wt4/lib:/lustre/opt/cascadelake/linux-centos7-x86_64/gcc-4.8.5/gcc-8.3.0-aoqn7jsisvrj2u5puapmiufudxmm6wt4/lib64] ==> ignore
    arg [--eh-frame-hdr] ==> ignore
    arg [-m] ==> ignore
    arg [elf_x86_64] ==> ignore
    arg [-dynamic-linker] ==> ignore
    arg [/lib64/ld-linux-x86-64.so.2] ==> ignore
    arg [-o] ==> ignore
    arg [cmTC_70cbf] ==> ignore
    arg [/lib/../lib64/crt1.o] ==> ignore
    arg [/lib/../lib64/crti.o] ==> ignore
    arg [/lustre/opt/cascadelake/linux-centos7-x86_64/gcc-4.8.5/gcc-8.3.0-aoqn7jsisvrj2u5puapmiufudxmm6wt4/lib/gcc/x86_64-pc-linux-gnu/8.3.0/crtbegin.o] ==> ignore
    arg [-L/lustre/opt/cascadelake/linux-centos7-skylake_avx512/gcc-8.3.0/sundials-4.1.0-3csmzwmppfpua4qurwgqgtxina4rbgkj/lib64/../lib64] ==> dir [/lustre/opt/cascadelake/linux-centos7-skylake_avx512/gcc-8.3.0/sundials-4.1.0-3csmzwmppfpua4qurwgqgtxina4rbgkj/lib64/../lib64]
    arg [-L/lustre/opt/cascadelake/linux-centos7-x86_64/gcc-4.8.5/gcc-8.3.0-aoqn7jsisvrj2u5puapmiufudxmm6wt4/lib64/../lib64] ==> dir [/lustre/opt/cascadelake/linux-centos7-x86_64/gcc-4.8.5/gcc-8.3.0-aoqn7jsisvrj2u5puapmiufudxmm6wt4/lib64/../lib64]
    arg [-L/lustre/opt/cascadelake/linux-centos7-x86_64/gcc-4.8.5/gcc-8.3.0-aoqn7jsisvrj2u5puapmiufudxmm6wt4/lib/../lib64] ==> dir [/lustre/opt/cascadelake/linux-centos7-x86_64/gcc-4.8.5/gcc-8.3.0-aoqn7jsisvrj2u5puapmiufudxmm6wt4/lib/../lib64]
    arg [-L/lustre/opt/cascadelake/linux-centos7-x86_64/gcc-4.8.5/gcc-8.3.0-aoqn7jsisvrj2u5puapmiufudxmm6wt4/lib/gcc/x86_64-pc-linux-gnu/8.3.0] ==> dir [/lustre/opt/cascadelake/linux-centos7-x86_64/gcc-4.8.5/gcc-8.3.0-aoqn7jsisvrj2u5puapmiufudxmm6wt4/lib/gcc/x86_64-pc-linux-gnu/8.3.0]
    arg [-L/lustre/opt/cascadelake/linux-centos7-x86_64/gcc-4.8.5/gcc-8.3.0-aoqn7jsisvrj2u5puapmiufudxmm6wt4/lib/gcc/x86_64-pc-linux-gnu/8.3.0/../../../../lib64] ==> dir [/lustre/opt/cascadelake/linux-centos7-x86_64/gcc-4.8.5/gcc-8.3.0-aoqn7jsisvrj2u5puapmiufudxmm6wt4/lib/gcc/x86_64-pc-linux-gnu/8.3.0/../../../../lib64]
    arg [-L/lib/../lib64] ==> dir [/lib/../lib64]
    arg [-L/usr/lib/../lib64] ==> dir [/usr/lib/../lib64]
    arg [-L/lustre/opt/cascadelake/linux-centos7-skylake_avx512/gcc-8.3.0/openmpi-3.1.5-mtdcmsa7pgj25pm5hdkzri4bdldcde4r/lib] ==> dir [/lustre/opt/cascadelake/linux-centos7-skylake_avx512/gcc-8.3.0/openmpi-3.1.5-mtdcmsa7pgj25pm5hdkzri4bdldcde4r/lib]
    arg [-L/lustre/opt/cascadelake/linux-centos7-skylake_avx512/gcc-8.3.0/boost-1.65.1-zmfewtzxajidxapt44cntbikhva2enep/lib] ==> dir [/lustre/opt/cascadelake/linux-centos7-skylake_avx512/gcc-8.3.0/boost-1.65.1-zmfewtzxajidxapt44cntbikhva2enep/lib]
    arg [-L/lustre/opt/cascadelake/linux-centos7-skylake_avx512/gcc-8.3.0/openblas-0.3.7-paog42mpv4e5re4aypej77asddpq2ra7/lib] ==> dir [/lustre/opt/cascadelake/linux-centos7-skylake_avx512/gcc-8.3.0/openblas-0.3.7-paog42mpv4e5re4aypej77asddpq2ra7/lib]
    arg [-L/lustre/opt/cascadelake/linux-centos7-skylake_avx512/gcc-8.3.0/hdf5-1.10.6-sqxgmiyubg6xqo3sb2llsikcilfk2r5n/lib] ==> dir [/lustre/opt/cascadelake/linux-centos7-skylake_avx512/gcc-8.3.0/hdf5-1.10.6-sqxgmiyubg6xqo3sb2llsikcilfk2r5n/lib]
    arg [-L/lustre/opt/cascadelake/linux-centos7-skylake_avx512/gcc-8.3.0/sundials-4.1.0-3csmzwmppfpua4qurwgqgtxina4rbgkj/lib64] ==> dir [/lustre/opt/cascadelake/linux-centos7-skylake_avx512/gcc-8.3.0/sundials-4.1.0-3csmzwmppfpua4qurwgqgtxina4rbgkj/lib64]
    arg [-L/lustre/opt/cascadelake/linux-centos7-x86_64/gcc-4.8.5/gcc-8.3.0-aoqn7jsisvrj2u5puapmiufudxmm6wt4/lib64] ==> dir [/lustre/opt/cascadelake/linux-centos7-x86_64/gcc-4.8.5/gcc-8.3.0-aoqn7jsisvrj2u5puapmiufudxmm6wt4/lib64]
    arg [-L/lustre/opt/cascadelake/linux-centos7-x86_64/gcc-4.8.5/gcc-8.3.0-aoqn7jsisvrj2u5puapmiufudxmm6wt4/lib] ==> dir [/lustre/opt/cascadelake/linux-centos7-x86_64/gcc-4.8.5/gcc-8.3.0-aoqn7jsisvrj2u5puapmiufudxmm6wt4/lib]
    arg [-L/lustre/opt/cascadelake/linux-centos7-x86_64/gcc-4.8.5/gcc-8.3.0-aoqn7jsisvrj2u5puapmiufudxmm6wt4/lib/gcc/x86_64-pc-linux-gnu/8.3.0/../../..] ==> dir [/lustre/opt/cascadelake/linux-centos7-x86_64/gcc-4.8.5/gcc-8.3.0-aoqn7jsisvrj2u5puapmiufudxmm6wt4/lib/gcc/x86_64-pc-linux-gnu/8.3.0/../../..]
    arg [CMakeFiles/cmTC_70cbf.dir/CMakeCCompilerABI.c.o] ==> ignore
    arg [-lgcc] ==> lib [gcc]
    arg [--as-needed] ==> ignore
    arg [-lgcc_s] ==> lib [gcc_s]
    arg [--no-as-needed] ==> ignore
    arg [-lc] ==> lib [c]
    arg [-lgcc] ==> lib [gcc]
    arg [--as-needed] ==> ignore
    arg [-lgcc_s] ==> lib [gcc_s]
    arg [--no-as-needed] ==> ignore
    arg [/lustre/opt/cascadelake/linux-centos7-x86_64/gcc-4.8.5/gcc-8.3.0-aoqn7jsisvrj2u5puapmiufudxmm6wt4/lib/gcc/x86_64-pc-linux-gnu/8.3.0/crtend.o] ==> ignore
    arg [/lib/../lib64/crtn.o] ==> ignore
  collapse library dir [/lustre/opt/cascadelake/linux-centos7-skylake_avx512/gcc-8.3.0/sundials-4.1.0-3csmzwmppfpua4qurwgqgtxina4rbgkj/lib64/../lib64] ==> [/lustre/opt/cascadelake/linux-centos7-skylake_avx512/gcc-8.3.0/sundials-4.1.0-3csmzwmppfpua4qurwgqgtxina4rbgkj/lib64]
  collapse library dir [/lustre/opt/cascadelake/linux-centos7-x86_64/gcc-4.8.5/gcc-8.3.0-aoqn7jsisvrj2u5puapmiufudxmm6wt4/lib64/../lib64] ==> [/lustre/opt/cascadelake/linux-centos7-x86_64/gcc-4.8.5/gcc-8.3.0-aoqn7jsisvrj2u5puapmiufudxmm6wt4/lib64]
  collapse library dir [/lustre/opt/cascadelake/linux-centos7-x86_64/gcc-4.8.5/gcc-8.3.0-aoqn7jsisvrj2u5puapmiufudxmm6wt4/lib/../lib64] ==> [/lustre/opt/cascadelake/linux-centos7-x86_64/gcc-4.8.5/gcc-8.3.0-aoqn7jsisvrj2u5puapmiufudxmm6wt4/lib64]
  collapse library dir [/lustre/opt/cascadelake/linux-centos7-x86_64/gcc-4.8.5/gcc-8.3.0-aoqn7jsisvrj2u5puapmiufudxmm6wt4/lib/gcc/x86_64-pc-linux-gnu/8.3.0] ==> [/lustre/opt/cascadelake/linux-centos7-x86_64/gcc-4.8.5/gcc-8.3.0-aoqn7jsisvrj2u5puapmiufudxmm6wt4/lib/gcc/x86_64-pc-linux-gnu/8.3.0]
  collapse library dir [/lustre/opt/cascadelake/linux-centos7-x86_64/gcc-4.8.5/gcc-8.3.0-aoqn7jsisvrj2u5puapmiufudxmm6wt4/lib/gcc/x86_64-pc-linux-gnu/8.3.0/../../../../lib64] ==> [/lustre/opt/cascadelake/linux-centos7-x86_64/gcc-4.8.5/gcc-8.3.0-aoqn7jsisvrj2u5puapmiufudxmm6wt4/lib64]
  collapse library dir [/lib/../lib64] ==> [/lib64]
  collapse library dir [/usr/lib/../lib64] ==> [/usr/lib64]
  collapse library dir [/lustre/opt/cascadelake/linux-centos7-skylake_avx512/gcc-8.3.0/openmpi-3.1.5-mtdcmsa7pgj25pm5hdkzri4bdldcde4r/lib] ==> [/lustre/opt/cascadelake/linux-centos7-skylake_avx512/gcc-8.3.0/openmpi-3.1.5-mtdcmsa7pgj25pm5hdkzri4bdldcde4r/lib]
  collapse library dir [/lustre/opt/cascadelake/linux-centos7-skylake_avx512/gcc-8.3.0/boost-1.65.1-zmfewtzxajidxapt44cntbikhva2enep/lib] ==> [/lustre/opt/cascadelake/linux-centos7-skylake_avx512/gcc-8.3.0/boost-1.65.1-zmfewtzxajidxapt44cntbikhva2enep/lib]
  collapse library dir [/lustre/opt/cascadelake/linux-centos7-skylake_avx512/gcc-8.3.0/openblas-0.3.7-paog42mpv4e5re4aypej77asddpq2ra7/lib] ==> [/lustre/opt/cascadelake/linux-centos7-skylake_avx512/gcc-8.3.0/openblas-0.3.7-paog42mpv4e5re4aypej77asddpq2ra7/lib]
  collapse library dir [/lustre/opt/cascadelake/linux-centos7-skylake_avx512/gcc-8.3.0/hdf5-1.10.6-sqxgmiyubg6xqo3sb2llsikcilfk2r5n/lib] ==> [/lustre/opt/cascadelake/linux-centos7-skylake_avx512/gcc-8.3.0/hdf5-1.10.6-sqxgmiyubg6xqo3sb2llsikcilfk2r5n/lib]
  collapse library dir [/lustre/opt/cascadelake/linux-centos7-skylake_avx512/gcc-8.3.0/sundials-4.1.0-3csmzwmppfpua4qurwgqgtxina4rbgkj/lib64] ==> [/lustre/opt/cascadelake/linux-centos7-skylake_avx512/gcc-8.3.0/sundials-4.1.0-3csmzwmppfpua4qurwgqgtxina4rbgkj/lib64]
  collapse library dir [/lustre/opt/cascadelake/linux-centos7-x86_64/gcc-4.8.5/gcc-8.3.0-aoqn7jsisvrj2u5puapmiufudxmm6wt4/lib64] ==> [/lustre/opt/cascadelake/linux-centos7-x86_64/gcc-4.8.5/gcc-8.3.0-aoqn7jsisvrj2u5puapmiufudxmm6wt4/lib64]
  collapse library dir [/lustre/opt/cascadelake/linux-centos7-x86_64/gcc-4.8.5/gcc-8.3.0-aoqn7jsisvrj2u5puapmiufudxmm6wt4/lib] ==> [/lustre/opt/cascadelake/linux-centos7-x86_64/gcc-4.8.5/gcc-8.3.0-aoqn7jsisvrj2u5puapmiufudxmm6wt4/lib]
  collapse library dir [/lustre/opt/cascadelake/linux-centos7-x86_64/gcc-4.8.5/gcc-8.3.0-aoqn7jsisvrj2u5puapmiufudxmm6wt4/lib/gcc/x86_64-pc-linux-gnu/8.3.0/../../..] ==> [/lustre/opt/cascadelake/linux-centos7-x86_64/gcc-4.8.5/gcc-8.3.0-aoqn7jsisvrj2u5puapmiufudxmm6wt4/lib]
  implicit libs: [gcc;gcc_s;c;gcc;gcc_s]
  implicit dirs: [/lustre/opt/cascadelake/linux-centos7-skylake_avx512/gcc-8.3.0/sundials-4.1.0-3csmzwmppfpua4qurwgqgtxina4rbgkj/lib64;/lustre/opt/cascadelake/linux-centos7-x86_64/gcc-4.8.5/gcc-8.3.0-aoqn7jsisvrj2u5puapmiufudxmm6wt4/lib64;/lustre/opt/cascadelake/linux-centos7-x86_64/gcc-4.8.5/gcc-8.3.0-aoqn7jsisvrj2u5puapmiufudxmm6wt4/lib/gcc/x86_64-pc-linux-gnu/8.3.0;/lib64;/usr/lib64;/lustre/opt/cascadelake/linux-centos7-skylake_avx512/gcc-8.3.0/openmpi-3.1.5-mtdcmsa7pgj25pm5hdkzri4bdldcde4r/lib;/lustre/opt/cascadelake/linux-centos7-skylake_avx512/gcc-8.3.0/boost-1.65.1-zmfewtzxajidxapt44cntbikhva2enep/lib;/lustre/opt/cascadelake/linux-centos7-skylake_avx512/gcc-8.3.0/openblas-0.3.7-paog42mpv4e5re4aypej77asddpq2ra7/lib;/lustre/opt/cascadelake/linux-centos7-skylake_avx512/gcc-8.3.0/hdf5-1.10.6-sqxgmiyubg6xqo3sb2llsikcilfk2r5n/lib;/lustre/opt/cascadelake/linux-centos7-x86_64/gcc-4.8.5/gcc-8.3.0-aoqn7jsisvrj2u5puapmiufudxmm6wt4/lib]
  implicit fwks: []


Determining if the CXX compiler works passed with the following output:
Change Dir: /lustre/home/acct-umjplw/umjplw/gcl/CFD/ProjectIV/cmake-build-debug/CMakeFiles/CMakeTmp

Run Build Command(s):/usr/bin/gmake cmTC_fa414/fast && /usr/bin/gmake -f CMakeFiles/cmTC_fa414.dir/build.make CMakeFiles/cmTC_fa414.dir/build
gmake[1]: Entering directory `/lustre/home/acct-umjplw/umjplw/gcl/CFD/ProjectIV/cmake-build-debug/CMakeFiles/CMakeTmp'
Building CXX object CMakeFiles/cmTC_fa414.dir/testCXXCompiler.cxx.o
/lustre/opt/cascadelake/linux-centos7-x86_64/gcc-4.8.5/gcc-8.3.0-aoqn7jsisvrj2u5puapmiufudxmm6wt4/bin/g++     -o CMakeFiles/cmTC_fa414.dir/testCXXCompiler.cxx.o -c /lustre/home/acct-umjplw/umjplw/gcl/CFD/ProjectIV/cmake-build-debug/CMakeFiles/CMakeTmp/testCXXCompiler.cxx
Linking CXX executable cmTC_fa414
/lustre/home/acct-umjplw/umjplw/gcl/karfs_folder/Remote/local/cmake_3.15/bin/cmake -E cmake_link_script CMakeFiles/cmTC_fa414.dir/link.txt --verbose=1
/lustre/opt/cascadelake/linux-centos7-x86_64/gcc-4.8.5/gcc-8.3.0-aoqn7jsisvrj2u5puapmiufudxmm6wt4/bin/g++       CMakeFiles/cmTC_fa414.dir/testCXXCompiler.cxx.o  -o cmTC_fa414 
gmake[1]: Leaving directory `/lustre/home/acct-umjplw/umjplw/gcl/CFD/ProjectIV/cmake-build-debug/CMakeFiles/CMakeTmp'



Detecting CXX compiler ABI info compiled with the following output:
Change Dir: /lustre/home/acct-umjplw/umjplw/gcl/CFD/ProjectIV/cmake-build-debug/CMakeFiles/CMakeTmp

Run Build Command(s):/usr/bin/gmake cmTC_9b7a2/fast && /usr/bin/gmake -f CMakeFiles/cmTC_9b7a2.dir/build.make CMakeFiles/cmTC_9b7a2.dir/build
gmake[1]: Entering directory `/lustre/home/acct-umjplw/umjplw/gcl/CFD/ProjectIV/cmake-build-debug/CMakeFiles/CMakeTmp'
Building CXX object CMakeFiles/cmTC_9b7a2.dir/CMakeCXXCompilerABI.cpp.o
/lustre/opt/cascadelake/linux-centos7-x86_64/gcc-4.8.5/gcc-8.3.0-aoqn7jsisvrj2u5puapmiufudxmm6wt4/bin/g++    -v -o CMakeFiles/cmTC_9b7a2.dir/CMakeCXXCompilerABI.cpp.o -c /lustre/home/acct-umjplw/umjplw/gcl/karfs_folder/Remote/local/cmake_3.15/share/cmake-3.15/Modules/CMakeCXXCompilerABI.cpp
Reading specs from /lustre/opt/cascadelake/linux-centos7-x86_64/gcc-4.8.5/gcc-8.3.0-aoqn7jsisvrj2u5puapmiufudxmm6wt4/lib/gcc/x86_64-pc-linux-gnu/8.3.0/specs
COLLECT_GCC=/lustre/opt/cascadelake/linux-centos7-x86_64/gcc-4.8.5/gcc-8.3.0-aoqn7jsisvrj2u5puapmiufudxmm6wt4/bin/g++
Target: x86_64-pc-linux-gnu
Configured with: /tmp/rpm/spack-stage-gcc-8.3.0-aoqn7jsisvrj2u5puapmiufudxmm6wt4/spack-src/configure --prefix=/lustre/opt/cascadelake/linux-centos7-x86_64/gcc-4.8.5/gcc-8.3.0-aoqn7jsisvrj2u5puapmiufudxmm6wt4 --with-pkgversion='Spack GCC' --with-bugurl=https://github.com/spack/spack/issues --disable-multilib --enable-languages=c,c++,fortran --disable-nls --with-libiconv-prefix=/lustre/opt/cascadelake/linux-centos7-x86_64/gcc-4.8.5/libiconv-1.16-66scwnborhboy6vd554qx3p6ihe4c7y3 --with-mpfr=/lustre/opt/cascadelake/linux-centos7-x86_64/gcc-4.8.5/mpfr-3.1.6-kflyoj7nrj2mht5pf4z7mtkdp4hcbs5v --with-gmp=/lustre/opt/cascadelake/linux-centos7-x86_64/gcc-4.8.5/gmp-6.1.2-6bsovvkqwx6zscwtbvjj6egrgizbyycm --with-system-zlib --with-mpc=/lustre/opt/cascadelake/linux-centos7-x86_64/gcc-4.8.5/mpc-1.1.0-v5rqsbkr3zbia475v33ndowqhecvcvzn --with-isl=/lustre/opt/cascadelake/linux-centos7-x86_64/gcc-4.8.5/isl-0.18-l4somr6goh77xpmdb4tey7uwovhds526
Thread model: posix
gcc version 8.3.0 (Spack GCC) 
COLLECT_GCC_OPTIONS='-v' '-o' 'CMakeFiles/cmTC_9b7a2.dir/CMakeCXXCompilerABI.cpp.o' '-c' '-shared-libgcc' '-mtune=generic' '-march=x86-64'
 /lustre/opt/cascadelake/linux-centos7-x86_64/gcc-4.8.5/gcc-8.3.0-aoqn7jsisvrj2u5puapmiufudxmm6wt4/libexec/gcc/x86_64-pc-linux-gnu/8.3.0/cc1plus -quiet -v -D_GNU_SOURCE /lustre/home/acct-umjplw/umjplw/gcl/karfs_folder/Remote/local/cmake_3.15/share/cmake-3.15/Modules/CMakeCXXCompilerABI.cpp -quiet -dumpbase CMakeCXXCompilerABI.cpp -mtune=generic -march=x86-64 -auxbase-strip CMakeFiles/cmTC_9b7a2.dir/CMakeCXXCompilerABI.cpp.o -version -o /tmp/ccvkpcCR.s
GNU C++14 (Spack GCC) version 8.3.0 (x86_64-pc-linux-gnu)
	compiled by GNU C version 8.3.0, GMP version 6.1.2, MPFR version 3.1.6-p2, MPC version 1.1.0, isl version isl-0.18-GMP

GGC heuristics: --param ggc-min-expand=100 --param ggc-min-heapsize=131072
ignoring nonexistent directory "/lustre/opt/cascadelake/linux-centos7-x86_64/gcc-4.8.5/gcc-8.3.0-aoqn7jsisvrj2u5puapmiufudxmm6wt4/lib/gcc/x86_64-pc-linux-gnu/8.3.0/../../../../x86_64-pc-linux-gnu/include"
ignoring duplicate directory "/lustre/opt/cascadelake/linux-centos7-x86_64/gcc-4.8.5/gcc-8.3.0-aoqn7jsisvrj2u5puapmiufudxmm6wt4/include"
  as it is a non-system directory that duplicates a system directory
#include "..." search starts here:
#include <...> search starts here:
 /lustre/opt/cascadelake/linux-centos7-skylake_avx512/gcc-8.3.0/boost-1.65.1-zmfewtzxajidxapt44cntbikhva2enep/include
 /lustre/opt/cascadelake/linux-centos7-skylake_avx512/gcc-8.3.0/openblas-0.3.7-paog42mpv4e5re4aypej77asddpq2ra7/include
 /lustre/opt/cascadelake/linux-centos7-skylake_avx512/gcc-8.3.0/sundials-4.1.0-3csmzwmppfpua4qurwgqgtxina4rbgkj/include
 /lustre/opt/cascadelake/linux-centos7-skylake_avx512/gcc-8.3.0/openmpi-3.1.5-mtdcmsa7pgj25pm5hdkzri4bdldcde4r/include
 /lustre/opt/cascadelake/linux-centos7-skylake_avx512/gcc-8.3.0/hdf5-1.10.6-sqxgmiyubg6xqo3sb2llsikcilfk2r5n/include
 /lustre/opt/cascadelake/linux-centos7-x86_64/gcc-4.8.5/gcc-8.3.0-aoqn7jsisvrj2u5puapmiufudxmm6wt4/lib/gcc/x86_64-pc-linux-gnu/8.3.0/../../../../include/c++/8.3.0
 /lustre/opt/cascadelake/linux-centos7-x86_64/gcc-4.8.5/gcc-8.3.0-aoqn7jsisvrj2u5puapmiufudxmm6wt4/lib/gcc/x86_64-pc-linux-gnu/8.3.0/../../../../include/c++/8.3.0/x86_64-pc-linux-gnu
 /lustre/opt/cascadelake/linux-centos7-x86_64/gcc-4.8.5/gcc-8.3.0-aoqn7jsisvrj2u5puapmiufudxmm6wt4/lib/gcc/x86_64-pc-linux-gnu/8.3.0/../../../../include/c++/8.3.0/backward
 /lustre/opt/cascadelake/linux-centos7-x86_64/gcc-4.8.5/gcc-8.3.0-aoqn7jsisvrj2u5puapmiufudxmm6wt4/lib/gcc/x86_64-pc-linux-gnu/8.3.0/include
 /usr/local/include
 /lustre/opt/cascadelake/linux-centos7-x86_64/gcc-4.8.5/gcc-8.3.0-aoqn7jsisvrj2u5puapmiufudxmm6wt4/include
 /lustre/opt/cascadelake/linux-centos7-x86_64/gcc-4.8.5/gcc-8.3.0-aoqn7jsisvrj2u5puapmiufudxmm6wt4/lib/gcc/x86_64-pc-linux-gnu/8.3.0/include-fixed
 /usr/include
End of search list.
GNU C++14 (Spack GCC) version 8.3.0 (x86_64-pc-linux-gnu)
	compiled by GNU C version 8.3.0, GMP version 6.1.2, MPFR version 3.1.6-p2, MPC version 1.1.0, isl version isl-0.18-GMP

GGC heuristics: --param ggc-min-expand=100 --param ggc-min-heapsize=131072
Compiler executable checksum: a67a7bdf5f77f1aae01a441d13a56bc7
COLLECT_GCC_OPTIONS='-v' '-o' 'CMakeFiles/cmTC_9b7a2.dir/CMakeCXXCompilerABI.cpp.o' '-c' '-shared-libgcc' '-mtune=generic' '-march=x86-64'
 as -v --64 -o CMakeFiles/cmTC_9b7a2.dir/CMakeCXXCompilerABI.cpp.o /tmp/ccvkpcCR.s
GNU assembler version 2.27 (x86_64-redhat-linux) using BFD version version 2.27-41.base.el7
COMPILER_PATH=/lustre/opt/cascadelake/linux-centos7-x86_64/gcc-4.8.5/gcc-8.3.0-aoqn7jsisvrj2u5puapmiufudxmm6wt4/libexec/gcc/x86_64-pc-linux-gnu/8.3.0/:/lustre/opt/cascadelake/linux-centos7-x86_64/gcc-4.8.5/gcc-8.3.0-aoqn7jsisvrj2u5puapmiufudxmm6wt4/libexec/gcc/x86_64-pc-linux-gnu/8.3.0/:/lustre/opt/cascadelake/linux-centos7-x86_64/gcc-4.8.5/gcc-8.3.0-aoqn7jsisvrj2u5puapmiufudxmm6wt4/libexec/gcc/x86_64-pc-linux-gnu/:/lustre/opt/cascadelake/linux-centos7-x86_64/gcc-4.8.5/gcc-8.3.0-aoqn7jsisvrj2u5puapmiufudxmm6wt4/lib/gcc/x86_64-pc-linux-gnu/8.3.0/:/lustre/opt/cascadelake/linux-centos7-x86_64/gcc-4.8.5/gcc-8.3.0-aoqn7jsisvrj2u5puapmiufudxmm6wt4/lib/gcc/x86_64-pc-linux-gnu/
LIBRARY_PATH=/lustre/opt/cascadelake/linux-centos7-skylake_avx512/gcc-8.3.0/sundials-4.1.0-3csmzwmppfpua4qurwgqgtxina4rbgkj/lib64/../lib64/:/lustre/opt/cascadelake/linux-centos7-x86_64/gcc-4.8.5/gcc-8.3.0-aoqn7jsisvrj2u5puapmiufudxmm6wt4/lib64/../lib64/:/lustre/opt/cascadelake/linux-centos7-x86_64/gcc-4.8.5/gcc-8.3.0-aoqn7jsisvrj2u5puapmiufudxmm6wt4/lib/../lib64/:/lustre/opt/cascadelake/linux-centos7-x86_64/gcc-4.8.5/gcc-8.3.0-aoqn7jsisvrj2u5puapmiufudxmm6wt4/lib/gcc/x86_64-pc-linux-gnu/8.3.0/:/lustre/opt/cascadelake/linux-centos7-x86_64/gcc-4.8.5/gcc-8.3.0-aoqn7jsisvrj2u5puapmiufudxmm6wt4/lib/gcc/x86_64-pc-linux-gnu/8.3.0/../../../../lib64/:/lib/../lib64/:/usr/lib/../lib64/:/lustre/opt/cascadelake/linux-centos7-skylake_avx512/gcc-8.3.0/openmpi-3.1.5-mtdcmsa7pgj25pm5hdkzri4bdldcde4r/lib/:/lustre/opt/cascadelake/linux-centos7-skylake_avx512/gcc-8.3.0/boost-1.65.1-zmfewtzxajidxapt44cntbikhva2enep/lib/:/lustre/opt/cascadelake/linux-centos7-skylake_avx512/gcc-8.3.0/openblas-0.3.7-paog42mpv4e5re4aypej77asddpq2ra7/lib/:/lustre/opt/cascadelake/linux-centos7-skylake_avx512/gcc-8.3.0/hdf5-1.10.6-sqxgmiyubg6xqo3sb2llsikcilfk2r5n/lib/:/lustre/opt/cascadelake/linux-centos7-skylake_avx512/gcc-8.3.0/sundials-4.1.0-3csmzwmppfpua4qurwgqgtxina4rbgkj/lib64/:/lustre/opt/cascadelake/linux-centos7-x86_64/gcc-4.8.5/gcc-8.3.0-aoqn7jsisvrj2u5puapmiufudxmm6wt4/lib64/:/lustre/opt/cascadelake/linux-centos7-x86_64/gcc-4.8.5/gcc-8.3.0-aoqn7jsisvrj2u5puapmiufudxmm6wt4/lib/:/lustre/opt/cascadelake/linux-centos7-x86_64/gcc-4.8.5/gcc-8.3.0-aoqn7jsisvrj2u5puapmiufudxmm6wt4/lib/gcc/x86_64-pc-linux-gnu/8.3.0/../../../:/lib/:/usr/lib/
COLLECT_GCC_OPTIONS='-v' '-o' 'CMakeFiles/cmTC_9b7a2.dir/CMakeCXXCompilerABI.cpp.o' '-c' '-shared-libgcc' '-mtune=generic' '-march=x86-64'
Linking CXX executable cmTC_9b7a2
/lustre/home/acct-umjplw/umjplw/gcl/karfs_folder/Remote/local/cmake_3.15/bin/cmake -E cmake_link_script CMakeFiles/cmTC_9b7a2.dir/link.txt --verbose=1
/lustre/opt/cascadelake/linux-centos7-x86_64/gcc-4.8.5/gcc-8.3.0-aoqn7jsisvrj2u5puapmiufudxmm6wt4/bin/g++      -v CMakeFiles/cmTC_9b7a2.dir/CMakeCXXCompilerABI.cpp.o  -o cmTC_9b7a2 
Reading specs from /lustre/opt/cascadelake/linux-centos7-x86_64/gcc-4.8.5/gcc-8.3.0-aoqn7jsisvrj2u5puapmiufudxmm6wt4/lib/gcc/x86_64-pc-linux-gnu/8.3.0/specs
COLLECT_GCC=/lustre/opt/cascadelake/linux-centos7-x86_64/gcc-4.8.5/gcc-8.3.0-aoqn7jsisvrj2u5puapmiufudxmm6wt4/bin/g++
COLLECT_LTO_WRAPPER=/lustre/opt/cascadelake/linux-centos7-x86_64/gcc-4.8.5/gcc-8.3.0-aoqn7jsisvrj2u5puapmiufudxmm6wt4/libexec/gcc/x86_64-pc-linux-gnu/8.3.0/lto-wrapper
Target: x86_64-pc-linux-gnu
Configured with: /tmp/rpm/spack-stage-gcc-8.3.0-aoqn7jsisvrj2u5puapmiufudxmm6wt4/spack-src/configure --prefix=/lustre/opt/cascadelake/linux-centos7-x86_64/gcc-4.8.5/gcc-8.3.0-aoqn7jsisvrj2u5puapmiufudxmm6wt4 --with-pkgversion='Spack GCC' --with-bugurl=https://github.com/spack/spack/issues --disable-multilib --enable-languages=c,c++,fortran --disable-nls --with-libiconv-prefix=/lustre/opt/cascadelake/linux-centos7-x86_64/gcc-4.8.5/libiconv-1.16-66scwnborhboy6vd554qx3p6ihe4c7y3 --with-mpfr=/lustre/opt/cascadelake/linux-centos7-x86_64/gcc-4.8.5/mpfr-3.1.6-kflyoj7nrj2mht5pf4z7mtkdp4hcbs5v --with-gmp=/lustre/opt/cascadelake/linux-centos7-x86_64/gcc-4.8.5/gmp-6.1.2-6bsovvkqwx6zscwtbvjj6egrgizbyycm --with-system-zlib --with-mpc=/lustre/opt/cascadelake/linux-centos7-x86_64/gcc-4.8.5/mpc-1.1.0-v5rqsbkr3zbia475v33ndowqhecvcvzn --with-isl=/lustre/opt/cascadelake/linux-centos7-x86_64/gcc-4.8.5/isl-0.18-l4somr6goh77xpmdb4tey7uwovhds526
Thread model: posix
gcc version 8.3.0 (Spack GCC) 
COMPILER_PATH=/lustre/opt/cascadelake/linux-centos7-x86_64/gcc-4.8.5/gcc-8.3.0-aoqn7jsisvrj2u5puapmiufudxmm6wt4/libexec/gcc/x86_64-pc-linux-gnu/8.3.0/:/lustre/opt/cascadelake/linux-centos7-x86_64/gcc-4.8.5/gcc-8.3.0-aoqn7jsisvrj2u5puapmiufudxmm6wt4/libexec/gcc/x86_64-pc-linux-gnu/8.3.0/:/lustre/opt/cascadelake/linux-centos7-x86_64/gcc-4.8.5/gcc-8.3.0-aoqn7jsisvrj2u5puapmiufudxmm6wt4/libexec/gcc/x86_64-pc-linux-gnu/:/lustre/opt/cascadelake/linux-centos7-x86_64/gcc-4.8.5/gcc-8.3.0-aoqn7jsisvrj2u5puapmiufudxmm6wt4/lib/gcc/x86_64-pc-linux-gnu/8.3.0/:/lustre/opt/cascadelake/linux-centos7-x86_64/gcc-4.8.5/gcc-8.3.0-aoqn7jsisvrj2u5puapmiufudxmm6wt4/lib/gcc/x86_64-pc-linux-gnu/
LIBRARY_PATH=/lustre/opt/cascadelake/linux-centos7-skylake_avx512/gcc-8.3.0/sundials-4.1.0-3csmzwmppfpua4qurwgqgtxina4rbgkj/lib64/../lib64/:/lustre/opt/cascadelake/linux-centos7-x86_64/gcc-4.8.5/gcc-8.3.0-aoqn7jsisvrj2u5puapmiufudxmm6wt4/lib64/../lib64/:/lustre/opt/cascadelake/linux-centos7-x86_64/gcc-4.8.5/gcc-8.3.0-aoqn7jsisvrj2u5puapmiufudxmm6wt4/lib/../lib64/:/lustre/opt/cascadelake/linux-centos7-x86_64/gcc-4.8.5/gcc-8.3.0-aoqn7jsisvrj2u5puapmiufudxmm6wt4/lib/gcc/x86_64-pc-linux-gnu/8.3.0/:/lustre/opt/cascadelake/linux-centos7-x86_64/gcc-4.8.5/gcc-8.3.0-aoqn7jsisvrj2u5puapmiufudxmm6wt4/lib/gcc/x86_64-pc-linux-gnu/8.3.0/../../../../lib64/:/lib/../lib64/:/usr/lib/../lib64/:/lustre/opt/cascadelake/linux-centos7-skylake_avx512/gcc-8.3.0/openmpi-3.1.5-mtdcmsa7pgj25pm5hdkzri4bdldcde4r/lib/:/lustre/opt/cascadelake/linux-centos7-skylake_avx512/gcc-8.3.0/boost-1.65.1-zmfewtzxajidxapt44cntbikhva2enep/lib/:/lustre/opt/cascadelake/linux-centos7-skylake_avx512/gcc-8.3.0/openblas-0.3.7-paog42mpv4e5re4aypej77asddpq2ra7/lib/:/lustre/opt/cascadelake/linux-centos7-skylake_avx512/gcc-8.3.0/hdf5-1.10.6-sqxgmiyubg6xqo3sb2llsikcilfk2r5n/lib/:/lustre/opt/cascadelake/linux-centos7-skylake_avx512/gcc-8.3.0/sundials-4.1.0-3csmzwmppfpua4qurwgqgtxina4rbgkj/lib64/:/lustre/opt/cascadelake/linux-centos7-x86_64/gcc-4.8.5/gcc-8.3.0-aoqn7jsisvrj2u5puapmiufudxmm6wt4/lib64/:/lustre/opt/cascadelake/linux-centos7-x86_64/gcc-4.8.5/gcc-8.3.0-aoqn7jsisvrj2u5puapmiufudxmm6wt4/lib/:/lustre/opt/cascadelake/linux-centos7-x86_64/gcc-4.8.5/gcc-8.3.0-aoqn7jsisvrj2u5puapmiufudxmm6wt4/lib/gcc/x86_64-pc-linux-gnu/8.3.0/../../../:/lib/:/usr/lib/
COLLECT_GCC_OPTIONS='-v' '-o' 'cmTC_9b7a2' '-shared-libgcc' '-mtune=generic' '-march=x86-64'
 /lustre/opt/cascadelake/linux-centos7-x86_64/gcc-4.8.5/gcc-8.3.0-aoqn7jsisvrj2u5puapmiufudxmm6wt4/libexec/gcc/x86_64-pc-linux-gnu/8.3.0/collect2 -plugin /lustre/opt/cascadelake/linux-centos7-x86_64/gcc-4.8.5/gcc-8.3.0-aoqn7jsisvrj2u5puapmiufudxmm6wt4/libexec/gcc/x86_64-pc-linux-gnu/8.3.0/liblto_plugin.so -plugin-opt=/lustre/opt/cascadelake/linux-centos7-x86_64/gcc-4.8.5/gcc-8.3.0-aoqn7jsisvrj2u5puapmiufudxmm6wt4/libexec/gcc/x86_64-pc-linux-gnu/8.3.0/lto-wrapper -plugin-opt=-fresolution=/tmp/ccGK15t2.res -plugin-opt=-pass-through=-lgcc_s -plugin-opt=-pass-through=-lgcc -plugin-opt=-pass-through=-lc -plugin-opt=-pass-through=-lgcc_s -plugin-opt=-pass-through=-lgcc -rpath /lustre/opt/cascadelake/linux-centos7-x86_64/gcc-4.8.5/gcc-8.3.0-aoqn7jsisvrj2u5puapmiufudxmm6wt4/lib:/lustre/opt/cascadelake/linux-centos7-x86_64/gcc-4.8.5/gcc-8.3.0-aoqn7jsisvrj2u5puapmiufudxmm6wt4/lib64 --eh-frame-hdr -m elf_x86_64 -dynamic-linker /lib64/ld-linux-x86-64.so.2 -o cmTC_9b7a2 /lib/../lib64/crt1.o /lib/../lib64/crti.o /lustre/opt/cascadelake/linux-centos7-x86_64/gcc-4.8.5/gcc-8.3.0-aoqn7jsisvrj2u5puapmiufudxmm6wt4/lib/gcc/x86_64-pc-linux-gnu/8.3.0/crtbegin.o -L/lustre/opt/cascadelake/linux-centos7-skylake_avx512/gcc-8.3.0/sundials-4.1.0-3csmzwmppfpua4qurwgqgtxina4rbgkj/lib64/../lib64 -L/lustre/opt/cascadelake/linux-centos7-x86_64/gcc-4.8.5/gcc-8.3.0-aoqn7jsisvrj2u5puapmiufudxmm6wt4/lib64/../lib64 -L/lustre/opt/cascadelake/linux-centos7-x86_64/gcc-4.8.5/gcc-8.3.0-aoqn7jsisvrj2u5puapmiufudxmm6wt4/lib/../lib64 -L/lustre/opt/cascadelake/linux-centos7-x86_64/gcc-4.8.5/gcc-8.3.0-aoqn7jsisvrj2u5puapmiufudxmm6wt4/lib/gcc/x86_64-pc-linux-gnu/8.3.0 -L/lustre/opt/cascadelake/linux-centos7-x86_64/gcc-4.8.5/gcc-8.3.0-aoqn7jsisvrj2u5puapmiufudxmm6wt4/lib/gcc/x86_64-pc-linux-gnu/8.3.0/../../../../lib64 -L/lib/../lib64 -L/usr/lib/../lib64 -L/lustre/opt/cascadelake/linux-centos7-skylake_avx512/gcc-8.3.0/openmpi-3.1.5-mtdcmsa7pgj25pm5hdkzri4bdldcde4r/lib -L/lustre/opt/cascadelake/linux-centos7-skylake_avx512/gcc-8.3.0/boost-1.65.1-zmfewtzxajidxapt44cntbikhva2enep/lib -L/lustre/opt/cascadelake/linux-centos7-skylake_avx512/gcc-8.3.0/openblas-0.3.7-paog42mpv4e5re4aypej77asddpq2ra7/lib -L/lustre/opt/cascadelake/linux-centos7-skylake_avx512/gcc-8.3.0/hdf5-1.10.6-sqxgmiyubg6xqo3sb2llsikcilfk2r5n/lib -L/lustre/opt/cascadelake/linux-centos7-skylake_avx512/gcc-8.3.0/sundials-4.1.0-3csmzwmppfpua4qurwgqgtxina4rbgkj/lib64 -L/lustre/opt/cascadelake/linux-centos7-x86_64/gcc-4.8.5/gcc-8.3.0-aoqn7jsisvrj2u5puapmiufudxmm6wt4/lib64 -L/lustre/opt/cascadelake/linux-centos7-x86_64/gcc-4.8.5/gcc-8.3.0-aoqn7jsisvrj2u5puapmiufudxmm6wt4/lib -L/lustre/opt/cascadelake/linux-centos7-x86_64/gcc-4.8.5/gcc-8.3.0-aoqn7jsisvrj2u5puapmiufudxmm6wt4/lib/gcc/x86_64-pc-linux-gnu/8.3.0/../../.. CMakeFiles/cmTC_9b7a2.dir/CMakeCXXCompilerABI.cpp.o -lstdc++ -lm -lgcc_s -lgcc -lc -lgcc_s -lgcc /lustre/opt/cascadelake/linux-centos7-x86_64/gcc-4.8.5/gcc-8.3.0-aoqn7jsisvrj2u5puapmiufudxmm6wt4/lib/gcc/x86_64-pc-linux-gnu/8.3.0/crtend.o /lib/../lib64/crtn.o
COLLECT_GCC_OPTIONS='-v' '-o' 'cmTC_9b7a2' '-shared-libgcc' '-mtune=generic' '-march=x86-64'
gmake[1]: Leaving directory `/lustre/home/acct-umjplw/umjplw/gcl/CFD/ProjectIV/cmake-build-debug/CMakeFiles/CMakeTmp'



Parsed CXX implicit include dir info from above output: rv=done
  found start of include info
  found start of implicit include info
    add: [/lustre/opt/cascadelake/linux-centos7-skylake_avx512/gcc-8.3.0/boost-1.65.1-zmfewtzxajidxapt44cntbikhva2enep/include]
    add: [/lustre/opt/cascadelake/linux-centos7-skylake_avx512/gcc-8.3.0/openblas-0.3.7-paog42mpv4e5re4aypej77asddpq2ra7/include]
    add: [/lustre/opt/cascadelake/linux-centos7-skylake_avx512/gcc-8.3.0/sundials-4.1.0-3csmzwmppfpua4qurwgqgtxina4rbgkj/include]
    add: [/lustre/opt/cascadelake/linux-centos7-skylake_avx512/gcc-8.3.0/openmpi-3.1.5-mtdcmsa7pgj25pm5hdkzri4bdldcde4r/include]
    add: [/lustre/opt/cascadelake/linux-centos7-skylake_avx512/gcc-8.3.0/hdf5-1.10.6-sqxgmiyubg6xqo3sb2llsikcilfk2r5n/include]
    add: [/lustre/opt/cascadelake/linux-centos7-x86_64/gcc-4.8.5/gcc-8.3.0-aoqn7jsisvrj2u5puapmiufudxmm6wt4/lib/gcc/x86_64-pc-linux-gnu/8.3.0/../../../../include/c++/8.3.0]
    add: [/lustre/opt/cascadelake/linux-centos7-x86_64/gcc-4.8.5/gcc-8.3.0-aoqn7jsisvrj2u5puapmiufudxmm6wt4/lib/gcc/x86_64-pc-linux-gnu/8.3.0/../../../../include/c++/8.3.0/x86_64-pc-linux-gnu]
    add: [/lustre/opt/cascadelake/linux-centos7-x86_64/gcc-4.8.5/gcc-8.3.0-aoqn7jsisvrj2u5puapmiufudxmm6wt4/lib/gcc/x86_64-pc-linux-gnu/8.3.0/../../../../include/c++/8.3.0/backward]
    add: [/lustre/opt/cascadelake/linux-centos7-x86_64/gcc-4.8.5/gcc-8.3.0-aoqn7jsisvrj2u5puapmiufudxmm6wt4/lib/gcc/x86_64-pc-linux-gnu/8.3.0/include]
    add: [/usr/local/include]
    add: [/lustre/opt/cascadelake/linux-centos7-x86_64/gcc-4.8.5/gcc-8.3.0-aoqn7jsisvrj2u5puapmiufudxmm6wt4/include]
    add: [/lustre/opt/cascadelake/linux-centos7-x86_64/gcc-4.8.5/gcc-8.3.0-aoqn7jsisvrj2u5puapmiufudxmm6wt4/lib/gcc/x86_64-pc-linux-gnu/8.3.0/include-fixed]
    add: [/usr/include]
  end of search list found
  collapse include dir [/lustre/opt/cascadelake/linux-centos7-skylake_avx512/gcc-8.3.0/boost-1.65.1-zmfewtzxajidxapt44cntbikhva2enep/include] ==> [/lustre/opt/cascadelake/linux-centos7-skylake_avx512/gcc-8.3.0/boost-1.65.1-zmfewtzxajidxapt44cntbikhva2enep/include]
  collapse include dir [/lustre/opt/cascadelake/linux-centos7-skylake_avx512/gcc-8.3.0/openblas-0.3.7-paog42mpv4e5re4aypej77asddpq2ra7/include] ==> [/lustre/opt/cascadelake/linux-centos7-skylake_avx512/gcc-8.3.0/openblas-0.3.7-paog42mpv4e5re4aypej77asddpq2ra7/include]
  collapse include dir [/lustre/opt/cascadelake/linux-centos7-skylake_avx512/gcc-8.3.0/sundials-4.1.0-3csmzwmppfpua4qurwgqgtxina4rbgkj/include] ==> [/lustre/opt/cascadelake/linux-centos7-skylake_avx512/gcc-8.3.0/sundials-4.1.0-3csmzwmppfpua4qurwgqgtxina4rbgkj/include]
  collapse include dir [/lustre/opt/cascadelake/linux-centos7-skylake_avx512/gcc-8.3.0/openmpi-3.1.5-mtdcmsa7pgj25pm5hdkzri4bdldcde4r/include] ==> [/lustre/opt/cascadelake/linux-centos7-skylake_avx512/gcc-8.3.0/openmpi-3.1.5-mtdcmsa7pgj25pm5hdkzri4bdldcde4r/include]
  collapse include dir [/lustre/opt/cascadelake/linux-centos7-skylake_avx512/gcc-8.3.0/hdf5-1.10.6-sqxgmiyubg6xqo3sb2llsikcilfk2r5n/include] ==> [/lustre/opt/cascadelake/linux-centos7-skylake_avx512/gcc-8.3.0/hdf5-1.10.6-sqxgmiyubg6xqo3sb2llsikcilfk2r5n/include]
  collapse include dir [/lustre/opt/cascadelake/linux-centos7-x86_64/gcc-4.8.5/gcc-8.3.0-aoqn7jsisvrj2u5puapmiufudxmm6wt4/lib/gcc/x86_64-pc-linux-gnu/8.3.0/../../../../include/c++/8.3.0] ==> [/lustre/opt/cascadelake/linux-centos7-x86_64/gcc-4.8.5/gcc-8.3.0-aoqn7jsisvrj2u5puapmiufudxmm6wt4/include/c++/8.3.0]
  collapse include dir [/lustre/opt/cascadelake/linux-centos7-x86_64/gcc-4.8.5/gcc-8.3.0-aoqn7jsisvrj2u5puapmiufudxmm6wt4/lib/gcc/x86_64-pc-linux-gnu/8.3.0/../../../../include/c++/8.3.0/x86_64-pc-linux-gnu] ==> [/lustre/opt/cascadelake/linux-centos7-x86_64/gcc-4.8.5/gcc-8.3.0-aoqn7jsisvrj2u5puapmiufudxmm6wt4/include/c++/8.3.0/x86_64-pc-linux-gnu]
  collapse include dir [/lustre/opt/cascadelake/linux-centos7-x86_64/gcc-4.8.5/gcc-8.3.0-aoqn7jsisvrj2u5puapmiufudxmm6wt4/lib/gcc/x86_64-pc-linux-gnu/8.3.0/../../../../include/c++/8.3.0/backward] ==> [/lustre/opt/cascadelake/linux-centos7-x86_64/gcc-4.8.5/gcc-8.3.0-aoqn7jsisvrj2u5puapmiufudxmm6wt4/include/c++/8.3.0/backward]
  collapse include dir [/lustre/opt/cascadelake/linux-centos7-x86_64/gcc-4.8.5/gcc-8.3.0-aoqn7jsisvrj2u5puapmiufudxmm6wt4/lib/gcc/x86_64-pc-linux-gnu/8.3.0/include] ==> [/lustre/opt/cascadelake/linux-centos7-x86_64/gcc-4.8.5/gcc-8.3.0-aoqn7jsisvrj2u5puapmiufudxmm6wt4/lib/gcc/x86_64-pc-linux-gnu/8.3.0/include]
  collapse include dir [/usr/local/include] ==> [/usr/local/include]
  collapse include dir [/lustre/opt/cascadelake/linux-centos7-x86_64/gcc-4.8.5/gcc-8.3.0-aoqn7jsisvrj2u5puapmiufudxmm6wt4/include] ==> [/lustre/opt/cascadelake/linux-centos7-x86_64/gcc-4.8.5/gcc-8.3.0-aoqn7jsisvrj2u5puapmiufudxmm6wt4/include]
  collapse include dir [/lustre/opt/cascadelake/linux-centos7-x86_64/gcc-4.8.5/gcc-8.3.0-aoqn7jsisvrj2u5puapmiufudxmm6wt4/lib/gcc/x86_64-pc-linux-gnu/8.3.0/include-fixed] ==> [/lustre/opt/cascadelake/linux-centos7-x86_64/gcc-4.8.5/gcc-8.3.0-aoqn7jsisvrj2u5puapmiufudxmm6wt4/lib/gcc/x86_64-pc-linux-gnu/8.3.0/include-fixed]
  collapse include dir [/usr/include] ==> [/usr/include]
  implicit include dirs: [/lustre/opt/cascadelake/linux-centos7-skylake_avx512/gcc-8.3.0/boost-1.65.1-zmfewtzxajidxapt44cntbikhva2enep/include;/lustre/opt/cascadelake/linux-centos7-skylake_avx512/gcc-8.3.0/openblas-0.3.7-paog42mpv4e5re4aypej77asddpq2ra7/include;/lustre/opt/cascadelake/linux-centos7-skylake_avx512/gcc-8.3.0/sundials-4.1.0-3csmzwmppfpua4qurwgqgtxina4rbgkj/include;/lustre/opt/cascadelake/linux-centos7-skylake_avx512/gcc-8.3.0/openmpi-3.1.5-mtdcmsa7pgj25pm5hdkzri4bdldcde4r/include;/lustre/opt/cascadelake/linux-centos7-skylake_avx512/gcc-8.3.0/hdf5-1.10.6-sqxgmiyubg6xqo3sb2llsikcilfk2r5n/include;/lustre/opt/cascadelake/linux-centos7-x86_64/gcc-4.8.5/gcc-8.3.0-aoqn7jsisvrj2u5puapmiufudxmm6wt4/include/c++/8.3.0;/lustre/opt/cascadelake/linux-centos7-x86_64/gcc-4.8.5/gcc-8.3.0-aoqn7jsisvrj2u5puapmiufudxmm6wt4/include/c++/8.3.0/x86_64-pc-linux-gnu;/lustre/opt/cascadelake/linux-centos7-x86_64/gcc-4.8.5/gcc-8.3.0-aoqn7jsisvrj2u5puapmiufudxmm6wt4/include/c++/8.3.0/backward;/lustre/opt/cascadelake/linux-centos7-x86_64/gcc-4.8.5/gcc-8.3.0-aoqn7jsisvrj2u5puapmiufudxmm6wt4/lib/gcc/x86_64-pc-linux-gnu/8.3.0/include;/usr/local/include;/lustre/opt/cascadelake/linux-centos7-x86_64/gcc-4.8.5/gcc-8.3.0-aoqn7jsisvrj2u5puapmiufudxmm6wt4/include;/lustre/opt/cascadelake/linux-centos7-x86_64/gcc-4.8.5/gcc-8.3.0-aoqn7jsisvrj2u5puapmiufudxmm6wt4/lib/gcc/x86_64-pc-linux-gnu/8.3.0/include-fixed;/usr/include]


Parsed CXX implicit link information from above output:
  link line regex: [^( *|.*[/\])(ld|CMAKE_LINK_STARTFILE-NOTFOUND|([^/\]+-)?ld|collect2)[^/\]*( |$)]
  ignore line: [Change Dir: /lustre/home/acct-umjplw/umjplw/gcl/CFD/ProjectIV/cmake-build-debug/CMakeFiles/CMakeTmp]
  ignore line: []
  ignore line: [Run Build Command(s):/usr/bin/gmake cmTC_9b7a2/fast && /usr/bin/gmake -f CMakeFiles/cmTC_9b7a2.dir/build.make CMakeFiles/cmTC_9b7a2.dir/build]
  ignore line: [gmake[1]: Entering directory `/lustre/home/acct-umjplw/umjplw/gcl/CFD/ProjectIV/cmake-build-debug/CMakeFiles/CMakeTmp']
  ignore line: [Building CXX object CMakeFiles/cmTC_9b7a2.dir/CMakeCXXCompilerABI.cpp.o]
  ignore line: [/lustre/opt/cascadelake/linux-centos7-x86_64/gcc-4.8.5/gcc-8.3.0-aoqn7jsisvrj2u5puapmiufudxmm6wt4/bin/g++    -v -o CMakeFiles/cmTC_9b7a2.dir/CMakeCXXCompilerABI.cpp.o -c /lustre/home/acct-umjplw/umjplw/gcl/karfs_folder/Remote/local/cmake_3.15/share/cmake-3.15/Modules/CMakeCXXCompilerABI.cpp]
  ignore line: [Reading specs from /lustre/opt/cascadelake/linux-centos7-x86_64/gcc-4.8.5/gcc-8.3.0-aoqn7jsisvrj2u5puapmiufudxmm6wt4/lib/gcc/x86_64-pc-linux-gnu/8.3.0/specs]
  ignore line: [COLLECT_GCC=/lustre/opt/cascadelake/linux-centos7-x86_64/gcc-4.8.5/gcc-8.3.0-aoqn7jsisvrj2u5puapmiufudxmm6wt4/bin/g++]
  ignore line: [Target: x86_64-pc-linux-gnu]
  ignore line: [Configured with: /tmp/rpm/spack-stage-gcc-8.3.0-aoqn7jsisvrj2u5puapmiufudxmm6wt4/spack-src/configure --prefix=/lustre/opt/cascadelake/linux-centos7-x86_64/gcc-4.8.5/gcc-8.3.0-aoqn7jsisvrj2u5puapmiufudxmm6wt4 --with-pkgversion='Spack GCC' --with-bugurl=https://github.com/spack/spack/issues --disable-multilib --enable-languages=c,c++,fortran --disable-nls --with-libiconv-prefix=/lustre/opt/cascadelake/linux-centos7-x86_64/gcc-4.8.5/libiconv-1.16-66scwnborhboy6vd554qx3p6ihe4c7y3 --with-mpfr=/lustre/opt/cascadelake/linux-centos7-x86_64/gcc-4.8.5/mpfr-3.1.6-kflyoj7nrj2mht5pf4z7mtkdp4hcbs5v --with-gmp=/lustre/opt/cascadelake/linux-centos7-x86_64/gcc-4.8.5/gmp-6.1.2-6bsovvkqwx6zscwtbvjj6egrgizbyycm --with-system-zlib --with-mpc=/lustre/opt/cascadelake/linux-centos7-x86_64/gcc-4.8.5/mpc-1.1.0-v5rqsbkr3zbia475v33ndowqhecvcvzn --with-isl=/lustre/opt/cascadelake/linux-centos7-x86_64/gcc-4.8.5/isl-0.18-l4somr6goh77xpmdb4tey7uwovhds526]
  ignore line: [Thread model: posix]
  ignore line: [gcc version 8.3.0 (Spack GCC) ]
  ignore line: [COLLECT_GCC_OPTIONS='-v' '-o' 'CMakeFiles/cmTC_9b7a2.dir/CMakeCXXCompilerABI.cpp.o' '-c' '-shared-libgcc' '-mtune=generic' '-march=x86-64']
  ignore line: [ /lustre/opt/cascadelake/linux-centos7-x86_64/gcc-4.8.5/gcc-8.3.0-aoqn7jsisvrj2u5puapmiufudxmm6wt4/libexec/gcc/x86_64-pc-linux-gnu/8.3.0/cc1plus -quiet -v -D_GNU_SOURCE /lustre/home/acct-umjplw/umjplw/gcl/karfs_folder/Remote/local/cmake_3.15/share/cmake-3.15/Modules/CMakeCXXCompilerABI.cpp -quiet -dumpbase CMakeCXXCompilerABI.cpp -mtune=generic -march=x86-64 -auxbase-strip CMakeFiles/cmTC_9b7a2.dir/CMakeCXXCompilerABI.cpp.o -version -o /tmp/ccvkpcCR.s]
  ignore line: [GNU C++14 (Spack GCC) version 8.3.0 (x86_64-pc-linux-gnu)]
  ignore line: [	compiled by GNU C version 8.3.0, GMP version 6.1.2, MPFR version 3.1.6-p2, MPC version 1.1.0, isl version isl-0.18-GMP]
  ignore line: []
  ignore line: [GGC heuristics: --param ggc-min-expand=100 --param ggc-min-heapsize=131072]
  ignore line: [ignoring nonexistent directory "/lustre/opt/cascadelake/linux-centos7-x86_64/gcc-4.8.5/gcc-8.3.0-aoqn7jsisvrj2u5puapmiufudxmm6wt4/lib/gcc/x86_64-pc-linux-gnu/8.3.0/../../../../x86_64-pc-linux-gnu/include"]
  ignore line: [ignoring duplicate directory "/lustre/opt/cascadelake/linux-centos7-x86_64/gcc-4.8.5/gcc-8.3.0-aoqn7jsisvrj2u5puapmiufudxmm6wt4/include"]
  ignore line: [  as it is a non-system directory that duplicates a system directory]
  ignore line: [#include "..." search starts here:]
  ignore line: [#include <...> search starts here:]
  ignore line: [ /lustre/opt/cascadelake/linux-centos7-skylake_avx512/gcc-8.3.0/boost-1.65.1-zmfewtzxajidxapt44cntbikhva2enep/include]
  ignore line: [ /lustre/opt/cascadelake/linux-centos7-skylake_avx512/gcc-8.3.0/openblas-0.3.7-paog42mpv4e5re4aypej77asddpq2ra7/include]
  ignore line: [ /lustre/opt/cascadelake/linux-centos7-skylake_avx512/gcc-8.3.0/sundials-4.1.0-3csmzwmppfpua4qurwgqgtxina4rbgkj/include]
  ignore line: [ /lustre/opt/cascadelake/linux-centos7-skylake_avx512/gcc-8.3.0/openmpi-3.1.5-mtdcmsa7pgj25pm5hdkzri4bdldcde4r/include]
  ignore line: [ /lustre/opt/cascadelake/linux-centos7-skylake_avx512/gcc-8.3.0/hdf5-1.10.6-sqxgmiyubg6xqo3sb2llsikcilfk2r5n/include]
  ignore line: [ /lustre/opt/cascadelake/linux-centos7-x86_64/gcc-4.8.5/gcc-8.3.0-aoqn7jsisvrj2u5puapmiufudxmm6wt4/lib/gcc/x86_64-pc-linux-gnu/8.3.0/../../../../include/c++/8.3.0]
  ignore line: [ /lustre/opt/cascadelake/linux-centos7-x86_64/gcc-4.8.5/gcc-8.3.0-aoqn7jsisvrj2u5puapmiufudxmm6wt4/lib/gcc/x86_64-pc-linux-gnu/8.3.0/../../../../include/c++/8.3.0/x86_64-pc-linux-gnu]
  ignore line: [ /lustre/opt/cascadelake/linux-centos7-x86_64/gcc-4.8.5/gcc-8.3.0-aoqn7jsisvrj2u5puapmiufudxmm6wt4/lib/gcc/x86_64-pc-linux-gnu/8.3.0/../../../../include/c++/8.3.0/backward]
  ignore line: [ /lustre/opt/cascadelake/linux-centos7-x86_64/gcc-4.8.5/gcc-8.3.0-aoqn7jsisvrj2u5puapmiufudxmm6wt4/lib/gcc/x86_64-pc-linux-gnu/8.3.0/include]
  ignore line: [ /usr/local/include]
  ignore line: [ /lustre/opt/cascadelake/linux-centos7-x86_64/gcc-4.8.5/gcc-8.3.0-aoqn7jsisvrj2u5puapmiufudxmm6wt4/include]
  ignore line: [ /lustre/opt/cascadelake/linux-centos7-x86_64/gcc-4.8.5/gcc-8.3.0-aoqn7jsisvrj2u5puapmiufudxmm6wt4/lib/gcc/x86_64-pc-linux-gnu/8.3.0/include-fixed]
  ignore line: [ /usr/include]
  ignore line: [End of search list.]
  ignore line: [GNU C++14 (Spack GCC) version 8.3.0 (x86_64-pc-linux-gnu)]
  ignore line: [	compiled by GNU C version 8.3.0, GMP version 6.1.2, MPFR version 3.1.6-p2, MPC version 1.1.0, isl version isl-0.18-GMP]
  ignore line: []
  ignore line: [GGC heuristics: --param ggc-min-expand=100 --param ggc-min-heapsize=131072]
  ignore line: [Compiler executable checksum: a67a7bdf5f77f1aae01a441d13a56bc7]
  ignore line: [COLLECT_GCC_OPTIONS='-v' '-o' 'CMakeFiles/cmTC_9b7a2.dir/CMakeCXXCompilerABI.cpp.o' '-c' '-shared-libgcc' '-mtune=generic' '-march=x86-64']
  ignore line: [ as -v --64 -o CMakeFiles/cmTC_9b7a2.dir/CMakeCXXCompilerABI.cpp.o /tmp/ccvkpcCR.s]
  ignore line: [GNU assembler version 2.27 (x86_64-redhat-linux) using BFD version version 2.27-41.base.el7]
  ignore line: [COMPILER_PATH=/lustre/opt/cascadelake/linux-centos7-x86_64/gcc-4.8.5/gcc-8.3.0-aoqn7jsisvrj2u5puapmiufudxmm6wt4/libexec/gcc/x86_64-pc-linux-gnu/8.3.0/:/lustre/opt/cascadelake/linux-centos7-x86_64/gcc-4.8.5/gcc-8.3.0-aoqn7jsisvrj2u5puapmiufudxmm6wt4/libexec/gcc/x86_64-pc-linux-gnu/8.3.0/:/lustre/opt/cascadelake/linux-centos7-x86_64/gcc-4.8.5/gcc-8.3.0-aoqn7jsisvrj2u5puapmiufudxmm6wt4/libexec/gcc/x86_64-pc-linux-gnu/:/lustre/opt/cascadelake/linux-centos7-x86_64/gcc-4.8.5/gcc-8.3.0-aoqn7jsisvrj2u5puapmiufudxmm6wt4/lib/gcc/x86_64-pc-linux-gnu/8.3.0/:/lustre/opt/cascadelake/linux-centos7-x86_64/gcc-4.8.5/gcc-8.3.0-aoqn7jsisvrj2u5puapmiufudxmm6wt4/lib/gcc/x86_64-pc-linux-gnu/]
  ignore line: [LIBRARY_PATH=/lustre/opt/cascadelake/linux-centos7-skylake_avx512/gcc-8.3.0/sundials-4.1.0-3csmzwmppfpua4qurwgqgtxina4rbgkj/lib64/../lib64/:/lustre/opt/cascadelake/linux-centos7-x86_64/gcc-4.8.5/gcc-8.3.0-aoqn7jsisvrj2u5puapmiufudxmm6wt4/lib64/../lib64/:/lustre/opt/cascadelake/linux-centos7-x86_64/gcc-4.8.5/gcc-8.3.0-aoqn7jsisvrj2u5puapmiufudxmm6wt4/lib/../lib64/:/lustre/opt/cascadelake/linux-centos7-x86_64/gcc-4.8.5/gcc-8.3.0-aoqn7jsisvrj2u5puapmiufudxmm6wt4/lib/gcc/x86_64-pc-linux-gnu/8.3.0/:/lustre/opt/cascadelake/linux-centos7-x86_64/gcc-4.8.5/gcc-8.3.0-aoqn7jsisvrj2u5puapmiufudxmm6wt4/lib/gcc/x86_64-pc-linux-gnu/8.3.0/../../../../lib64/:/lib/../lib64/:/usr/lib/../lib64/:/lustre/opt/cascadelake/linux-centos7-skylake_avx512/gcc-8.3.0/openmpi-3.1.5-mtdcmsa7pgj25pm5hdkzri4bdldcde4r/lib/:/lustre/opt/cascadelake/linux-centos7-skylake_avx512/gcc-8.3.0/boost-1.65.1-zmfewtzxajidxapt44cntbikhva2enep/lib/:/lustre/opt/cascadelake/linux-centos7-skylake_avx512/gcc-8.3.0/openblas-0.3.7-paog42mpv4e5re4aypej77asddpq2ra7/lib/:/lustre/opt/cascadelake/linux-centos7-skylake_avx512/gcc-8.3.0/hdf5-1.10.6-sqxgmiyubg6xqo3sb2llsikcilfk2r5n/lib/:/lustre/opt/cascadelake/linux-centos7-skylake_avx512/gcc-8.3.0/sundials-4.1.0-3csmzwmppfpua4qurwgqgtxina4rbgkj/lib64/:/lustre/opt/cascadelake/linux-centos7-x86_64/gcc-4.8.5/gcc-8.3.0-aoqn7jsisvrj2u5puapmiufudxmm6wt4/lib64/:/lustre/opt/cascadelake/linux-centos7-x86_64/gcc-4.8.5/gcc-8.3.0-aoqn7jsisvrj2u5puapmiufudxmm6wt4/lib/:/lustre/opt/cascadelake/linux-centos7-x86_64/gcc-4.8.5/gcc-8.3.0-aoqn7jsisvrj2u5puapmiufudxmm6wt4/lib/gcc/x86_64-pc-linux-gnu/8.3.0/../../../:/lib/:/usr/lib/]
  ignore line: [COLLECT_GCC_OPTIONS='-v' '-o' 'CMakeFiles/cmTC_9b7a2.dir/CMakeCXXCompilerABI.cpp.o' '-c' '-shared-libgcc' '-mtune=generic' '-march=x86-64']
  ignore line: [Linking CXX executable cmTC_9b7a2]
  ignore line: [/lustre/home/acct-umjplw/umjplw/gcl/karfs_folder/Remote/local/cmake_3.15/bin/cmake -E cmake_link_script CMakeFiles/cmTC_9b7a2.dir/link.txt --verbose=1]
  ignore line: [/lustre/opt/cascadelake/linux-centos7-x86_64/gcc-4.8.5/gcc-8.3.0-aoqn7jsisvrj2u5puapmiufudxmm6wt4/bin/g++      -v CMakeFiles/cmTC_9b7a2.dir/CMakeCXXCompilerABI.cpp.o  -o cmTC_9b7a2 ]
  ignore line: [Reading specs from /lustre/opt/cascadelake/linux-centos7-x86_64/gcc-4.8.5/gcc-8.3.0-aoqn7jsisvrj2u5puapmiufudxmm6wt4/lib/gcc/x86_64-pc-linux-gnu/8.3.0/specs]
  ignore line: [COLLECT_GCC=/lustre/opt/cascadelake/linux-centos7-x86_64/gcc-4.8.5/gcc-8.3.0-aoqn7jsisvrj2u5puapmiufudxmm6wt4/bin/g++]
  ignore line: [COLLECT_LTO_WRAPPER=/lustre/opt/cascadelake/linux-centos7-x86_64/gcc-4.8.5/gcc-8.3.0-aoqn7jsisvrj2u5puapmiufudxmm6wt4/libexec/gcc/x86_64-pc-linux-gnu/8.3.0/lto-wrapper]
  ignore line: [Target: x86_64-pc-linux-gnu]
  ignore line: [Configured with: /tmp/rpm/spack-stage-gcc-8.3.0-aoqn7jsisvrj2u5puapmiufudxmm6wt4/spack-src/configure --prefix=/lustre/opt/cascadelake/linux-centos7-x86_64/gcc-4.8.5/gcc-8.3.0-aoqn7jsisvrj2u5puapmiufudxmm6wt4 --with-pkgversion='Spack GCC' --with-bugurl=https://github.com/spack/spack/issues --disable-multilib --enable-languages=c,c++,fortran --disable-nls --with-libiconv-prefix=/lustre/opt/cascadelake/linux-centos7-x86_64/gcc-4.8.5/libiconv-1.16-66scwnborhboy6vd554qx3p6ihe4c7y3 --with-mpfr=/lustre/opt/cascadelake/linux-centos7-x86_64/gcc-4.8.5/mpfr-3.1.6-kflyoj7nrj2mht5pf4z7mtkdp4hcbs5v --with-gmp=/lustre/opt/cascadelake/linux-centos7-x86_64/gcc-4.8.5/gmp-6.1.2-6bsovvkqwx6zscwtbvjj6egrgizbyycm --with-system-zlib --with-mpc=/lustre/opt/cascadelake/linux-centos7-x86_64/gcc-4.8.5/mpc-1.1.0-v5rqsbkr3zbia475v33ndowqhecvcvzn --with-isl=/lustre/opt/cascadelake/linux-centos7-x86_64/gcc-4.8.5/isl-0.18-l4somr6goh77xpmdb4tey7uwovhds526]
  ignore line: [Thread model: posix]
  ignore line: [gcc version 8.3.0 (Spack GCC) ]
  ignore line: [COMPILER_PATH=/lustre/opt/cascadelake/linux-centos7-x86_64/gcc-4.8.5/gcc-8.3.0-aoqn7jsisvrj2u5puapmiufudxmm6wt4/libexec/gcc/x86_64-pc-linux-gnu/8.3.0/:/lustre/opt/cascadelake/linux-centos7-x86_64/gcc-4.8.5/gcc-8.3.0-aoqn7jsisvrj2u5puapmiufudxmm6wt4/libexec/gcc/x86_64-pc-linux-gnu/8.3.0/:/lustre/opt/cascadelake/linux-centos7-x86_64/gcc-4.8.5/gcc-8.3.0-aoqn7jsisvrj2u5puapmiufudxmm6wt4/libexec/gcc/x86_64-pc-linux-gnu/:/lustre/opt/cascadelake/linux-centos7-x86_64/gcc-4.8.5/gcc-8.3.0-aoqn7jsisvrj2u5puapmiufudxmm6wt4/lib/gcc/x86_64-pc-linux-gnu/8.3.0/:/lustre/opt/cascadelake/linux-centos7-x86_64/gcc-4.8.5/gcc-8.3.0-aoqn7jsisvrj2u5puapmiufudxmm6wt4/lib/gcc/x86_64-pc-linux-gnu/]
  ignore line: [LIBRARY_PATH=/lustre/opt/cascadelake/linux-centos7-skylake_avx512/gcc-8.3.0/sundials-4.1.0-3csmzwmppfpua4qurwgqgtxina4rbgkj/lib64/../lib64/:/lustre/opt/cascadelake/linux-centos7-x86_64/gcc-4.8.5/gcc-8.3.0-aoqn7jsisvrj2u5puapmiufudxmm6wt4/lib64/../lib64/:/lustre/opt/cascadelake/linux-centos7-x86_64/gcc-4.8.5/gcc-8.3.0-aoqn7jsisvrj2u5puapmiufudxmm6wt4/lib/../lib64/:/lustre/opt/cascadelake/linux-centos7-x86_64/gcc-4.8.5/gcc-8.3.0-aoqn7jsisvrj2u5puapmiufudxmm6wt4/lib/gcc/x86_64-pc-linux-gnu/8.3.0/:/lustre/opt/cascadelake/linux-centos7-x86_64/gcc-4.8.5/gcc-8.3.0-aoqn7jsisvrj2u5puapmiufudxmm6wt4/lib/gcc/x86_64-pc-linux-gnu/8.3.0/../../../../lib64/:/lib/../lib64/:/usr/lib/../lib64/:/lustre/opt/cascadelake/linux-centos7-skylake_avx512/gcc-8.3.0/openmpi-3.1.5-mtdcmsa7pgj25pm5hdkzri4bdldcde4r/lib/:/lustre/opt/cascadelake/linux-centos7-skylake_avx512/gcc-8.3.0/boost-1.65.1-zmfewtzxajidxapt44cntbikhva2enep/lib/:/lustre/opt/cascadelake/linux-centos7-skylake_avx512/gcc-8.3.0/openblas-0.3.7-paog42mpv4e5re4aypej77asddpq2ra7/lib/:/lustre/opt/cascadelake/linux-centos7-skylake_avx512/gcc-8.3.0/hdf5-1.10.6-sqxgmiyubg6xqo3sb2llsikcilfk2r5n/lib/:/lustre/opt/cascadelake/linux-centos7-skylake_avx512/gcc-8.3.0/sundials-4.1.0-3csmzwmppfpua4qurwgqgtxina4rbgkj/lib64/:/lustre/opt/cascadelake/linux-centos7-x86_64/gcc-4.8.5/gcc-8.3.0-aoqn7jsisvrj2u5puapmiufudxmm6wt4/lib64/:/lustre/opt/cascadelake/linux-centos7-x86_64/gcc-4.8.5/gcc-8.3.0-aoqn7jsisvrj2u5puapmiufudxmm6wt4/lib/:/lustre/opt/cascadelake/linux-centos7-x86_64/gcc-4.8.5/gcc-8.3.0-aoqn7jsisvrj2u5puapmiufudxmm6wt4/lib/gcc/x86_64-pc-linux-gnu/8.3.0/../../../:/lib/:/usr/lib/]
  ignore line: [COLLECT_GCC_OPTIONS='-v' '-o' 'cmTC_9b7a2' '-shared-libgcc' '-mtune=generic' '-march=x86-64']
  link line: [ /lustre/opt/cascadelake/linux-centos7-x86_64/gcc-4.8.5/gcc-8.3.0-aoqn7jsisvrj2u5puapmiufudxmm6wt4/libexec/gcc/x86_64-pc-linux-gnu/8.3.0/collect2 -plugin /lustre/opt/cascadelake/linux-centos7-x86_64/gcc-4.8.5/gcc-8.3.0-aoqn7jsisvrj2u5puapmiufudxmm6wt4/libexec/gcc/x86_64-pc-linux-gnu/8.3.0/liblto_plugin.so -plugin-opt=/lustre/opt/cascadelake/linux-centos7-x86_64/gcc-4.8.5/gcc-8.3.0-aoqn7jsisvrj2u5puapmiufudxmm6wt4/libexec/gcc/x86_64-pc-linux-gnu/8.3.0/lto-wrapper -plugin-opt=-fresolution=/tmp/ccGK15t2.res -plugin-opt=-pass-through=-lgcc_s -plugin-opt=-pass-through=-lgcc -plugin-opt=-pass-through=-lc -plugin-opt=-pass-through=-lgcc_s -plugin-opt=-pass-through=-lgcc -rpath /lustre/opt/cascadelake/linux-centos7-x86_64/gcc-4.8.5/gcc-8.3.0-aoqn7jsisvrj2u5puapmiufudxmm6wt4/lib:/lustre/opt/cascadelake/linux-centos7-x86_64/gcc-4.8.5/gcc-8.3.0-aoqn7jsisvrj2u5puapmiufudxmm6wt4/lib64 --eh-frame-hdr -m elf_x86_64 -dynamic-linker /lib64/ld-linux-x86-64.so.2 -o cmTC_9b7a2 /lib/../lib64/crt1.o /lib/../lib64/crti.o /lustre/opt/cascadelake/linux-centos7-x86_64/gcc-4.8.5/gcc-8.3.0-aoqn7jsisvrj2u5puapmiufudxmm6wt4/lib/gcc/x86_64-pc-linux-gnu/8.3.0/crtbegin.o -L/lustre/opt/cascadelake/linux-centos7-skylake_avx512/gcc-8.3.0/sundials-4.1.0-3csmzwmppfpua4qurwgqgtxina4rbgkj/lib64/../lib64 -L/lustre/opt/cascadelake/linux-centos7-x86_64/gcc-4.8.5/gcc-8.3.0-aoqn7jsisvrj2u5puapmiufudxmm6wt4/lib64/../lib64 -L/lustre/opt/cascadelake/linux-centos7-x86_64/gcc-4.8.5/gcc-8.3.0-aoqn7jsisvrj2u5puapmiufudxmm6wt4/lib/../lib64 -L/lustre/opt/cascadelake/linux-centos7-x86_64/gcc-4.8.5/gcc-8.3.0-aoqn7jsisvrj2u5puapmiufudxmm6wt4/lib/gcc/x86_64-pc-linux-gnu/8.3.0 -L/lustre/opt/cascadelake/linux-centos7-x86_64/gcc-4.8.5/gcc-8.3.0-aoqn7jsisvrj2u5puapmiufudxmm6wt4/lib/gcc/x86_64-pc-linux-gnu/8.3.0/../../../../lib64 -L/lib/../lib64 -L/usr/lib/../lib64 -L/lustre/opt/cascadelake/linux-centos7-skylake_avx512/gcc-8.3.0/openmpi-3.1.5-mtdcmsa7pgj25pm5hdkzri4bdldcde4r/lib -L/lustre/opt/cascadelake/linux-centos7-skylake_avx512/gcc-8.3.0/boost-1.65.1-zmfewtzxajidxapt44cntbikhva2enep/lib -L/lustre/opt/cascadelake/linux-centos7-skylake_avx512/gcc-8.3.0/openblas-0.3.7-paog42mpv4e5re4aypej77asddpq2ra7/lib -L/lustre/opt/cascadelake/linux-centos7-skylake_avx512/gcc-8.3.0/hdf5-1.10.6-sqxgmiyubg6xqo3sb2llsikcilfk2r5n/lib -L/lustre/opt/cascadelake/linux-centos7-skylake_avx512/gcc-8.3.0/sundials-4.1.0-3csmzwmppfpua4qurwgqgtxina4rbgkj/lib64 -L/lustre/opt/cascadelake/linux-centos7-x86_64/gcc-4.8.5/gcc-8.3.0-aoqn7jsisvrj2u5puapmiufudxmm6wt4/lib64 -L/lustre/opt/cascadelake/linux-centos7-x86_64/gcc-4.8.5/gcc-8.3.0-aoqn7jsisvrj2u5puapmiufudxmm6wt4/lib -L/lustre/opt/cascadelake/linux-centos7-x86_64/gcc-4.8.5/gcc-8.3.0-aoqn7jsisvrj2u5puapmiufudxmm6wt4/lib/gcc/x86_64-pc-linux-gnu/8.3.0/../../.. CMakeFiles/cmTC_9b7a2.dir/CMakeCXXCompilerABI.cpp.o -lstdc++ -lm -lgcc_s -lgcc -lc -lgcc_s -lgcc /lustre/opt/cascadelake/linux-centos7-x86_64/gcc-4.8.5/gcc-8.3.0-aoqn7jsisvrj2u5puapmiufudxmm6wt4/lib/gcc/x86_64-pc-linux-gnu/8.3.0/crtend.o /lib/../lib64/crtn.o]
    arg [/lustre/opt/cascadelake/linux-centos7-x86_64/gcc-4.8.5/gcc-8.3.0-aoqn7jsisvrj2u5puapmiufudxmm6wt4/libexec/gcc/x86_64-pc-linux-gnu/8.3.0/collect2] ==> ignore
    arg [-plugin] ==> ignore
    arg [/lustre/opt/cascadelake/linux-centos7-x86_64/gcc-4.8.5/gcc-8.3.0-aoqn7jsisvrj2u5puapmiufudxmm6wt4/libexec/gcc/x86_64-pc-linux-gnu/8.3.0/liblto_plugin.so] ==> ignore
    arg [-plugin-opt=/lustre/opt/cascadelake/linux-centos7-x86_64/gcc-4.8.5/gcc-8.3.0-aoqn7jsisvrj2u5puapmiufudxmm6wt4/libexec/gcc/x86_64-pc-linux-gnu/8.3.0/lto-wrapper] ==> ignore
    arg [-plugin-opt=-fresolution=/tmp/ccGK15t2.res] ==> ignore
    arg [-plugin-opt=-pass-through=-lgcc_s] ==> ignore
    arg [-plugin-opt=-pass-through=-lgcc] ==> ignore
    arg [-plugin-opt=-pass-through=-lc] ==> ignore
    arg [-plugin-opt=-pass-through=-lgcc_s] ==> ignore
    arg [-plugin-opt=-pass-through=-lgcc] ==> ignore
    arg [-rpath] ==> ignore
    arg [/lustre/opt/cascadelake/linux-centos7-x86_64/gcc-4.8.5/gcc-8.3.0-aoqn7jsisvrj2u5puapmiufudxmm6wt4/lib:/lustre/opt/cascadelake/linux-centos7-x86_64/gcc-4.8.5/gcc-8.3.0-aoqn7jsisvrj2u5puapmiufudxmm6wt4/lib64] ==> ignore
    arg [--eh-frame-hdr] ==> ignore
    arg [-m] ==> ignore
    arg [elf_x86_64] ==> ignore
    arg [-dynamic-linker] ==> ignore
    arg [/lib64/ld-linux-x86-64.so.2] ==> ignore
    arg [-o] ==> ignore
    arg [cmTC_9b7a2] ==> ignore
    arg [/lib/../lib64/crt1.o] ==> ignore
    arg [/lib/../lib64/crti.o] ==> ignore
    arg [/lustre/opt/cascadelake/linux-centos7-x86_64/gcc-4.8.5/gcc-8.3.0-aoqn7jsisvrj2u5puapmiufudxmm6wt4/lib/gcc/x86_64-pc-linux-gnu/8.3.0/crtbegin.o] ==> ignore
    arg [-L/lustre/opt/cascadelake/linux-centos7-skylake_avx512/gcc-8.3.0/sundials-4.1.0-3csmzwmppfpua4qurwgqgtxina4rbgkj/lib64/../lib64] ==> dir [/lustre/opt/cascadelake/linux-centos7-skylake_avx512/gcc-8.3.0/sundials-4.1.0-3csmzwmppfpua4qurwgqgtxina4rbgkj/lib64/../lib64]
    arg [-L/lustre/opt/cascadelake/linux-centos7-x86_64/gcc-4.8.5/gcc-8.3.0-aoqn7jsisvrj2u5puapmiufudxmm6wt4/lib64/../lib64] ==> dir [/lustre/opt/cascadelake/linux-centos7-x86_64/gcc-4.8.5/gcc-8.3.0-aoqn7jsisvrj2u5puapmiufudxmm6wt4/lib64/../lib64]
    arg [-L/lustre/opt/cascadelake/linux-centos7-x86_64/gcc-4.8.5/gcc-8.3.0-aoqn7jsisvrj2u5puapmiufudxmm6wt4/lib/../lib64] ==> dir [/lustre/opt/cascadelake/linux-centos7-x86_64/gcc-4.8.5/gcc-8.3.0-aoqn7jsisvrj2u5puapmiufudxmm6wt4/lib/../lib64]
    arg [-L/lustre/opt/cascadelake/linux-centos7-x86_64/gcc-4.8.5/gcc-8.3.0-aoqn7jsisvrj2u5puapmiufudxmm6wt4/lib/gcc/x86_64-pc-linux-gnu/8.3.0] ==> dir [/lustre/opt/cascadelake/linux-centos7-x86_64/gcc-4.8.5/gcc-8.3.0-aoqn7jsisvrj2u5puapmiufudxmm6wt4/lib/gcc/x86_64-pc-linux-gnu/8.3.0]
    arg [-L/lustre/opt/cascadelake/linux-centos7-x86_64/gcc-4.8.5/gcc-8.3.0-aoqn7jsisvrj2u5puapmiufudxmm6wt4/lib/gcc/x86_64-pc-linux-gnu/8.3.0/../../../../lib64] ==> dir [/lustre/opt/cascadelake/linux-centos7-x86_64/gcc-4.8.5/gcc-8.3.0-aoqn7jsisvrj2u5puapmiufudxmm6wt4/lib/gcc/x86_64-pc-linux-gnu/8.3.0/../../../../lib64]
    arg [-L/lib/../lib64] ==> dir [/lib/../lib64]
    arg [-L/usr/lib/../lib64] ==> dir [/usr/lib/../lib64]
    arg [-L/lustre/opt/cascadelake/linux-centos7-skylake_avx512/gcc-8.3.0/openmpi-3.1.5-mtdcmsa7pgj25pm5hdkzri4bdldcde4r/lib] ==> dir [/lustre/opt/cascadelake/linux-centos7-skylake_avx512/gcc-8.3.0/openmpi-3.1.5-mtdcmsa7pgj25pm5hdkzri4bdldcde4r/lib]
    arg [-L/lustre/opt/cascadelake/linux-centos7-skylake_avx512/gcc-8.3.0/boost-1.65.1-zmfewtzxajidxapt44cntbikhva2enep/lib] ==> dir [/lustre/opt/cascadelake/linux-centos7-skylake_avx512/gcc-8.3.0/boost-1.65.1-zmfewtzxajidxapt44cntbikhva2enep/lib]
    arg [-L/lustre/opt/cascadelake/linux-centos7-skylake_avx512/gcc-8.3.0/openblas-0.3.7-paog42mpv4e5re4aypej77asddpq2ra7/lib] ==> dir [/lustre/opt/cascadelake/linux-centos7-skylake_avx512/gcc-8.3.0/openblas-0.3.7-paog42mpv4e5re4aypej77asddpq2ra7/lib]
    arg [-L/lustre/opt/cascadelake/linux-centos7-skylake_avx512/gcc-8.3.0/hdf5-1.10.6-sqxgmiyubg6xqo3sb2llsikcilfk2r5n/lib] ==> dir [/lustre/opt/cascadelake/linux-centos7-skylake_avx512/gcc-8.3.0/hdf5-1.10.6-sqxgmiyubg6xqo3sb2llsikcilfk2r5n/lib]
    arg [-L/lustre/opt/cascadelake/linux-centos7-skylake_avx512/gcc-8.3.0/sundials-4.1.0-3csmzwmppfpua4qurwgqgtxina4rbgkj/lib64] ==> dir [/lustre/opt/cascadelake/linux-centos7-skylake_avx512/gcc-8.3.0/sundials-4.1.0-3csmzwmppfpua4qurwgqgtxina4rbgkj/lib64]
    arg [-L/lustre/opt/cascadelake/linux-centos7-x86_64/gcc-4.8.5/gcc-8.3.0-aoqn7jsisvrj2u5puapmiufudxmm6wt4/lib64] ==> dir [/lustre/opt/cascadelake/linux-centos7-x86_64/gcc-4.8.5/gcc-8.3.0-aoqn7jsisvrj2u5puapmiufudxmm6wt4/lib64]
    arg [-L/lustre/opt/cascadelake/linux-centos7-x86_64/gcc-4.8.5/gcc-8.3.0-aoqn7jsisvrj2u5puapmiufudxmm6wt4/lib] ==> dir [/lustre/opt/cascadelake/linux-centos7-x86_64/gcc-4.8.5/gcc-8.3.0-aoqn7jsisvrj2u5puapmiufudxmm6wt4/lib]
    arg [-L/lustre/opt/cascadelake/linux-centos7-x86_64/gcc-4.8.5/gcc-8.3.0-aoqn7jsisvrj2u5puapmiufudxmm6wt4/lib/gcc/x86_64-pc-linux-gnu/8.3.0/../../..] ==> dir [/lustre/opt/cascadelake/linux-centos7-x86_64/gcc-4.8.5/gcc-8.3.0-aoqn7jsisvrj2u5puapmiufudxmm6wt4/lib/gcc/x86_64-pc-linux-gnu/8.3.0/../../..]
    arg [CMakeFiles/cmTC_9b7a2.dir/CMakeCXXCompilerABI.cpp.o] ==> ignore
    arg [-lstdc++] ==> lib [stdc++]
    arg [-lm] ==> lib [m]
    arg [-lgcc_s] ==> lib [gcc_s]
    arg [-lgcc] ==> lib [gcc]
    arg [-lc] ==> lib [c]
    arg [-lgcc_s] ==> lib [gcc_s]
    arg [-lgcc] ==> lib [gcc]
    arg [/lustre/opt/cascadelake/linux-centos7-x86_64/gcc-4.8.5/gcc-8.3.0-aoqn7jsisvrj2u5puapmiufudxmm6wt4/lib/gcc/x86_64-pc-linux-gnu/8.3.0/crtend.o] ==> ignore
    arg [/lib/../lib64/crtn.o] ==> ignore
  collapse library dir [/lustre/opt/cascadelake/linux-centos7-skylake_avx512/gcc-8.3.0/sundials-4.1.0-3csmzwmppfpua4qurwgqgtxina4rbgkj/lib64/../lib64] ==> [/lustre/opt/cascadelake/linux-centos7-skylake_avx512/gcc-8.3.0/sundials-4.1.0-3csmzwmppfpua4qurwgqgtxina4rbgkj/lib64]
  collapse library dir [/lustre/opt/cascadelake/linux-centos7-x86_64/gcc-4.8.5/gcc-8.3.0-aoqn7jsisvrj2u5puapmiufudxmm6wt4/lib64/../lib64] ==> [/lustre/opt/cascadelake/linux-centos7-x86_64/gcc-4.8.5/gcc-8.3.0-aoqn7jsisvrj2u5puapmiufudxmm6wt4/lib64]
  collapse library dir [/lustre/opt/cascadelake/linux-centos7-x86_64/gcc-4.8.5/gcc-8.3.0-aoqn7jsisvrj2u5puapmiufudxmm6wt4/lib/../lib64] ==> [/lustre/opt/cascadelake/linux-centos7-x86_64/gcc-4.8.5/gcc-8.3.0-aoqn7jsisvrj2u5puapmiufudxmm6wt4/lib64]
  collapse library dir [/lustre/opt/cascadelake/linux-centos7-x86_64/gcc-4.8.5/gcc-8.3.0-aoqn7jsisvrj2u5puapmiufudxmm6wt4/lib/gcc/x86_64-pc-linux-gnu/8.3.0] ==> [/lustre/opt/cascadelake/linux-centos7-x86_64/gcc-4.8.5/gcc-8.3.0-aoqn7jsisvrj2u5puapmiufudxmm6wt4/lib/gcc/x86_64-pc-linux-gnu/8.3.0]
  collapse library dir [/lustre/opt/cascadelake/linux-centos7-x86_64/gcc-4.8.5/gcc-8.3.0-aoqn7jsisvrj2u5puapmiufudxmm6wt4/lib/gcc/x86_64-pc-linux-gnu/8.3.0/../../../../lib64] ==> [/lustre/opt/cascadelake/linux-centos7-x86_64/gcc-4.8.5/gcc-8.3.0-aoqn7jsisvrj2u5puapmiufudxmm6wt4/lib64]
  collapse library dir [/lib/../lib64] ==> [/lib64]
  collapse library dir [/usr/lib/../lib64] ==> [/usr/lib64]
  collapse library dir [/lustre/opt/cascadelake/linux-centos7-skylake_avx512/gcc-8.3.0/openmpi-3.1.5-mtdcmsa7pgj25pm5hdkzri4bdldcde4r/lib] ==> [/lustre/opt/cascadelake/linux-centos7-skylake_avx512/gcc-8.3.0/openmpi-3.1.5-mtdcmsa7pgj25pm5hdkzri4bdldcde4r/lib]
  collapse library dir [/lustre/opt/cascadelake/linux-centos7-skylake_avx512/gcc-8.3.0/boost-1.65.1-zmfewtzxajidxapt44cntbikhva2enep/lib] ==> [/lustre/opt/cascadelake/linux-centos7-skylake_avx512/gcc-8.3.0/boost-1.65.1-zmfewtzxajidxapt44cntbikhva2enep/lib]
  collapse library dir [/lustre/opt/cascadelake/linux-centos7-skylake_avx512/gcc-8.3.0/openblas-0.3.7-paog42mpv4e5re4aypej77asddpq2ra7/lib] ==> [/lustre/opt/cascadelake/linux-centos7-skylake_avx512/gcc-8.3.0/openblas-0.3.7-paog42mpv4e5re4aypej77asddpq2ra7/lib]
  collapse library dir [/lustre/opt/cascadelake/linux-centos7-skylake_avx512/gcc-8.3.0/hdf5-1.10.6-sqxgmiyubg6xqo3sb2llsikcilfk2r5n/lib] ==> [/lustre/opt/cascadelake/linux-centos7-skylake_avx512/gcc-8.3.0/hdf5-1.10.6-sqxgmiyubg6xqo3sb2llsikcilfk2r5n/lib]
  collapse library dir [/lustre/opt/cascadelake/linux-centos7-skylake_avx512/gcc-8.3.0/sundials-4.1.0-3csmzwmppfpua4qurwgqgtxina4rbgkj/lib64] ==> [/lustre/opt/cascadelake/linux-centos7-skylake_avx512/gcc-8.3.0/sundials-4.1.0-3csmzwmppfpua4qurwgqgtxina4rbgkj/lib64]
  collapse library dir [/lustre/opt/cascadelake/linux-centos7-x86_64/gcc-4.8.5/gcc-8.3.0-aoqn7jsisvrj2u5puapmiufudxmm6wt4/lib64] ==> [/lustre/opt/cascadelake/linux-centos7-x86_64/gcc-4.8.5/gcc-8.3.0-aoqn7jsisvrj2u5puapmiufudxmm6wt4/lib64]
  collapse library dir [/lustre/opt/cascadelake/linux-centos7-x86_64/gcc-4.8.5/gcc-8.3.0-aoqn7jsisvrj2u5puapmiufudxmm6wt4/lib] ==> [/lustre/opt/cascadelake/linux-centos7-x86_64/gcc-4.8.5/gcc-8.3.0-aoqn7jsisvrj2u5puapmiufudxmm6wt4/lib]
  collapse library dir [/lustre/opt/cascadelake/linux-centos7-x86_64/gcc-4.8.5/gcc-8.3.0-aoqn7jsisvrj2u5puapmiufudxmm6wt4/lib/gcc/x86_64-pc-linux-gnu/8.3.0/../../..] ==> [/lustre/opt/cascadelake/linux-centos7-x86_64/gcc-4.8.5/gcc-8.3.0-aoqn7jsisvrj2u5puapmiufudxmm6wt4/lib]
  implicit libs: [stdc++;m;gcc_s;gcc;c;gcc_s;gcc]
  implicit dirs: [/lustre/opt/cascadelake/linux-centos7-skylake_avx512/gcc-8.3.0/sundials-4.1.0-3csmzwmppfpua4qurwgqgtxina4rbgkj/lib64;/lustre/opt/cascadelake/linux-centos7-x86_64/gcc-4.8.5/gcc-8.3.0-aoqn7jsisvrj2u5puapmiufudxmm6wt4/lib64;/lustre/opt/cascadelake/linux-centos7-x86_64/gcc-4.8.5/gcc-8.3.0-aoqn7jsisvrj2u5puapmiufudxmm6wt4/lib/gcc/x86_64-pc-linux-gnu/8.3.0;/lib64;/usr/lib64;/lustre/opt/cascadelake/linux-centos7-skylake_avx512/gcc-8.3.0/openmpi-3.1.5-mtdcmsa7pgj25pm5hdkzri4bdldcde4r/lib;/lustre/opt/cascadelake/linux-centos7-skylake_avx512/gcc-8.3.0/boost-1.65.1-zmfewtzxajidxapt44cntbikhva2enep/lib;/lustre/opt/cascadelake/linux-centos7-skylake_avx512/gcc-8.3.0/openblas-0.3.7-paog42mpv4e5re4aypej77asddpq2ra7/lib;/lustre/opt/cascadelake/linux-centos7-skylake_avx512/gcc-8.3.0/hdf5-1.10.6-sqxgmiyubg6xqo3sb2llsikcilfk2r5n/lib;/lustre/opt/cascadelake/linux-centos7-x86_64/gcc-4.8.5/gcc-8.3.0-aoqn7jsisvrj2u5puapmiufudxmm6wt4/lib]
  implicit fwks: []


